#
# There is insufficient memory for the Java Runtime Environment to continue.
# Native memory allocation (mmap) failed to map 40894464 bytes for G1 virtual space
# Possible reasons:
#   The system is out of physical RAM or swap space
#   The process is running with CompressedOops enabled, and the Java Heap may be blocking the growth of the native heap
# Possible solutions:
#   Reduce memory load on the system
#   Increase physical memory or swap space
#   Check if swap backing store is full
#   Decrease Java heap size (-Xmx/-Xms)
#   Decrease number of Java threads
#   Decrease Java thread stack sizes (-Xss)
#   Set larger code cache with -XX:ReservedCodeCacheSize=
#   JVM is running with Unscaled Compressed Oops mode in which the Java heap is
#     placed in the first 4GB address space. The Java Heap base address is the
#     maximum limit for the native heap growth. Please use -XX:HeapBaseMinAddress
#     to set the Java Heap base and to place the Java Heap above 4GB virtual address.
# This output file may be truncated or incomplete.
#
#  Out of Memory Error (os_windows.cpp:3548), pid=12608, tid=12784
#
# JRE version: Java(TM) SE Runtime Environment (17.0.10+11) (build 17.0.10+11-LTS-240)
# Java VM: Java HotSpot(TM) 64-Bit Server VM (17.0.10+11-LTS-240, mixed mode, emulated-client, sharing, tiered, compressed oops, compressed class ptrs, g1 gc, windows-amd64)
# No core dump will be written. Minidumps are not enabled by default on client versions of Windows
#

---------------  S U M M A R Y ------------

Command Line: -XX:TieredStopAtLevel=1 -Dspring.output.ansi.enabled=always -Dcom.sun.management.jmxremote -Dspring.jmx.enabled=true -Dspring.liveBeansView.mbeanDomain -Dspring.application.admin.enabled=true -Dmanagement.endpoints.jmx.exposure.include=* -javaagent:C:\Program Files\JetBrains\IntelliJ IDEA 2023.2.3\lib\idea_rt.jar=63774:C:\Program Files\JetBrains\IntelliJ IDEA 2023.2.3\bin -Dfile.encoding=UTF-8 ma.marjane.digitalisation_processus_recrutement.Application

Host: Intel(R) Core(TM) i7-8565U CPU @ 1.80GHz, 8 cores, 7G,  Windows 10 , 64 bit Build 19041 (10.0.19041.3636)
Time: Sun Jun  2 23:45:54 2024 Morocco Daylight Time elapsed time: 19.129035 seconds (0d 0h 0m 19s)

---------------  T H R E A D  ---------------

Current thread (0x0000020bb1785fd0):  VMThread "VM Thread" [stack: 0x0000004134e00000,0x0000004134f00000] [id=12784]

Stack: [0x0000004134e00000,0x0000004134f00000]
Native frames: (J=compiled Java code, j=interpreted, Vv=VM code, C=native code)
V  [jvm.dll+0x677a5a]
V  [jvm.dll+0x7d8b2d]
V  [jvm.dll+0x7da48e]
V  [jvm.dll+0x7daaf3]
V  [jvm.dll+0x2455ff]
V  [jvm.dll+0x6749b9]
V  [jvm.dll+0x669382]
V  [jvm.dll+0x302e96]
V  [jvm.dll+0x30a416]
V  [jvm.dll+0x359cbe]
V  [jvm.dll+0x359eef]
V  [jvm.dll+0x2d9e88]
V  [jvm.dll+0x2d8295]
V  [jvm.dll+0x2d789c]
V  [jvm.dll+0x31b18b]
V  [jvm.dll+0x7df30b]
V  [jvm.dll+0x7e0044]
V  [jvm.dll+0x7e055d]
V  [jvm.dll+0x7e0934]
V  [jvm.dll+0x7e0a00]
V  [jvm.dll+0x78888a]
V  [jvm.dll+0x676935]
C  [ucrtbase.dll+0x21bb2]
C  [KERNEL32.DLL+0x17344]
C  [ntdll.dll+0x526b1]

VM_Operation (0x00000041375f9a20): G1CollectForAllocation, mode: safepoint, requested by thread 0x0000020bf9768090


---------------  P R O C E S S  ---------------

Threads class SMR info:
_java_thread_list=0x0000020bf98531c0, length=38, elements={
0x0000020bb178cb00, 0x0000020bb178d890, 0x0000020bb179e6e0, 0x0000020bb179f470,
0x0000020bb17a0f50, 0x0000020bb17a3e40, 0x0000020bb17ac7d0, 0x0000020bb17aeb60,
0x0000020bb180e990, 0x0000020bb1996440, 0x0000020bb1775710, 0x0000020bb1775c30,
0x0000020bf7061f10, 0x0000020bf70623f0, 0x0000020bf719bbd0, 0x0000020bf73feab0,
0x0000020bf76235e0, 0x0000020bf7659c00, 0x0000020bf76591e0, 0x0000020bf765a620,
0x0000020bf765ab30, 0x0000020bf765b550, 0x0000020bf9765d20, 0x0000020bf9764df0,
0x0000020bf9765300, 0x0000020bf9768090, 0x0000020bf9762a80, 0x0000020bf97639b0,
0x0000020bf97634a0, 0x0000020bf9765810, 0x0000020bf9768ab0, 0x0000020bf97643d0,
0x0000020bf9766230, 0x0000020bf9766740, 0x0000020bf9763ec0, 0x0000020bf9767670,
0x0000020bf9768fc0, 0x0000020bf9766c50
}

Java Threads: ( => current thread )
  0x0000020bb178cb00 JavaThread "Reference Handler" daemon [_thread_blocked, id=11216, stack(0x0000004134f00000,0x0000004135000000)]
  0x0000020bb178d890 JavaThread "Finalizer" daemon [_thread_blocked, id=3148, stack(0x0000004135000000,0x0000004135100000)]
  0x0000020bb179e6e0 JavaThread "Signal Dispatcher" daemon [_thread_blocked, id=9392, stack(0x0000004135100000,0x0000004135200000)]
  0x0000020bb179f470 JavaThread "Attach Listener" daemon [_thread_blocked, id=11004, stack(0x0000004135200000,0x0000004135300000)]
  0x0000020bb17a0f50 JavaThread "Service Thread" daemon [_thread_blocked, id=16052, stack(0x0000004135300000,0x0000004135400000)]
  0x0000020bb17a3e40 JavaThread "Monitor Deflation Thread" daemon [_thread_blocked, id=4768, stack(0x0000004135400000,0x0000004135500000)]
  0x0000020bb17ac7d0 JavaThread "C1 CompilerThread0" daemon [_thread_blocked, id=17000, stack(0x0000004135500000,0x0000004135600000)]
  0x0000020bb17aeb60 JavaThread "Sweeper thread" daemon [_thread_blocked, id=6124, stack(0x0000004135600000,0x0000004135700000)]
  0x0000020bb180e990 JavaThread "Common-Cleaner" daemon [_thread_blocked, id=14136, stack(0x0000004135700000,0x0000004135800000)]
  0x0000020bb1996440 JavaThread "C1 CompilerThread1" daemon [_thread_blocked, id=9824, stack(0x0000004135800000,0x0000004135900000)]
  0x0000020bb1775710 JavaThread "C1 CompilerThread2" daemon [_thread_blocked, id=16076, stack(0x0000004135900000,0x0000004135a00000)]
  0x0000020bb1775c30 JavaThread "C1 CompilerThread3" daemon [_thread_blocked, id=11952, stack(0x0000004135a00000,0x0000004135b00000)]
  0x0000020bf7061f10 JavaThread "Monitor Ctrl-Break" daemon [_thread_in_native, id=8580, stack(0x0000004135b00000,0x0000004135c00000)]
  0x0000020bf70623f0 JavaThread "Notification Thread" daemon [_thread_blocked, id=6040, stack(0x0000004135c00000,0x0000004135d00000)]
  0x0000020bf719bbd0 JavaThread "RMI TCP Accept-0" daemon [_thread_in_native, id=16212, stack(0x0000004135d00000,0x0000004135e00000)]
  0x0000020bf73feab0 JavaThread "RMI TCP Connection(1)-192.168.56.1" daemon [_thread_in_native, id=16952, stack(0x0000004136700000,0x0000004136800000)]
  0x0000020bf76235e0 JavaThread "RMI Scheduler(0)" daemon [_thread_blocked, id=15576, stack(0x0000004136800000,0x0000004136900000)]
  0x0000020bf7659c00 JavaThread "Catalina-utility-1" [_thread_blocked, id=9208, stack(0x0000004136900000,0x0000004136a00000)]
  0x0000020bf76591e0 JavaThread "Catalina-utility-2" [_thread_blocked, id=7048, stack(0x0000004136d00000,0x0000004136e00000)]
  0x0000020bf765a620 JavaThread "container-0" [_thread_blocked, id=13124, stack(0x0000004136e00000,0x0000004136f00000)]
  0x0000020bf765ab30 JavaThread "mysql-cj-abandoned-connection-cleanup" daemon [_thread_blocked, id=15956, stack(0x0000004136f00000,0x0000004137000000)]
  0x0000020bf765b550 JavaThread "HikariPool-1 housekeeper" daemon [_thread_blocked, id=5052, stack(0x0000004137100000,0x0000004137200000)]
  0x0000020bf9765d20 JavaThread "File Watcher" daemon [_thread_blocked, id=6096, stack(0x0000004137200000,0x0000004137300000)]
  0x0000020bf9764df0 JavaThread "Live Reload Server" daemon [_thread_in_native, id=15264, stack(0x0000004137300000,0x0000004137400000)]
  0x0000020bf9765300 JavaThread "http-nio-8080-exec-1" daemon [_thread_blocked, id=14828, stack(0x0000004137400000,0x0000004137500000)]
  0x0000020bf9768090 JavaThread "http-nio-8080-exec-2" daemon [_thread_blocked, id=16748, stack(0x0000004137500000,0x0000004137600000)]
  0x0000020bf9762a80 JavaThread "http-nio-8080-exec-3" daemon [_thread_blocked, id=7692, stack(0x0000004137600000,0x0000004137700000)]
  0x0000020bf97639b0 JavaThread "http-nio-8080-exec-4" daemon [_thread_blocked, id=15884, stack(0x0000004137700000,0x0000004137800000)]
  0x0000020bf97634a0 JavaThread "http-nio-8080-exec-5" daemon [_thread_blocked, id=17228, stack(0x0000004137800000,0x0000004137900000)]
  0x0000020bf9765810 JavaThread "http-nio-8080-exec-6" daemon [_thread_blocked, id=9940, stack(0x0000004137900000,0x0000004137a00000)]
  0x0000020bf9768ab0 JavaThread "http-nio-8080-exec-7" daemon [_thread_blocked, id=10440, stack(0x0000004137a00000,0x0000004137b00000)]
  0x0000020bf97643d0 JavaThread "http-nio-8080-exec-8" daemon [_thread_blocked, id=7128, stack(0x0000004137b00000,0x0000004137c00000)]
  0x0000020bf9766230 JavaThread "http-nio-8080-exec-9" daemon [_thread_blocked, id=3232, stack(0x0000004137c00000,0x0000004137d00000)]
  0x0000020bf9766740 JavaThread "http-nio-8080-exec-10" daemon [_thread_blocked, id=1008, stack(0x0000004137d00000,0x0000004137e00000)]
  0x0000020bf9763ec0 JavaThread "http-nio-8080-Poller" daemon [_thread_blocked, id=5480, stack(0x0000004137e00000,0x0000004137f00000)]
  0x0000020bf9767670 JavaThread "http-nio-8080-Acceptor" daemon [_thread_in_native, id=4540, stack(0x0000004137f00000,0x0000004138000000)]
  0x0000020bf9768fc0 JavaThread "DestroyJavaVM" [_thread_blocked, id=7864, stack(0x0000004134800000,0x0000004134900000)]
  0x0000020bf9766c50 JavaThread "HikariPool-1 connection adder" daemon [_thread_blocked, id=4980, stack(0x0000004136a00000,0x0000004136b00000)]

Other Threads:
=>0x0000020bb1785fd0 VMThread "VM Thread" [stack: 0x0000004134e00000,0x0000004134f00000] [id=12784]
  0x0000020b9d8d8480 WatcherThread [stack: 0x0000004135e00000,0x0000004135f00000] [id=17032]
  0x0000020b9d8c00f0 GCTaskThread "GC Thread#0" [stack: 0x0000004134900000,0x0000004134a00000] [id=7648]
  0x0000020bf75bf720 GCTaskThread "GC Thread#1" [stack: 0x0000004135f00000,0x0000004136000000] [id=16932]
  0x0000020bf75d0a40 GCTaskThread "GC Thread#2" [stack: 0x0000004136000000,0x0000004136100000] [id=9852]
  0x0000020bf7606710 GCTaskThread "GC Thread#3" [stack: 0x0000004136100000,0x0000004136200000] [id=5064]
  0x0000020bf76069d0 GCTaskThread "GC Thread#4" [stack: 0x0000004136200000,0x0000004136300000] [id=16992]
  0x0000020bf7606c90 GCTaskThread "GC Thread#5" [stack: 0x0000004136300000,0x0000004136400000] [id=5272]
  0x0000020bf7606f50 GCTaskThread "GC Thread#6" [stack: 0x0000004136400000,0x0000004136500000] [id=9920]
  0x0000020bf7607690 GCTaskThread "GC Thread#7" [stack: 0x0000004136500000,0x0000004136600000] [id=15764]
  0x0000020b9d8d0bd0 ConcurrentGCThread "G1 Main Marker" [stack: 0x0000004134a00000,0x0000004134b00000] [id=3472]
  0x0000020b9d8d14f0 ConcurrentGCThread "G1 Conc#0" [stack: 0x0000004134b00000,0x0000004134c00000] [id=15640]
  0x0000020bf7f4ebc0 ConcurrentGCThread "G1 Conc#1" [stack: 0x0000004136c00000,0x0000004136d00000] [id=2716]
  0x0000020bb16420c0 ConcurrentGCThread "G1 Refine#0" [stack: 0x0000004134c00000,0x0000004134d00000] [id=13308]
  0x0000020bf75e84c0 ConcurrentGCThread "G1 Refine#1" [stack: 0x0000004136600000,0x0000004136700000] [id=14864]
  0x0000020bb1642a00 ConcurrentGCThread "G1 Service" [stack: 0x0000004134d00000,0x0000004134e00000] [id=8124]

Threads with active compile tasks:

VM state: at safepoint (normal execution)

VM Mutex/Monitor currently owned by a thread:  ([mutex/lock_event])
[0x0000020b9d860e80] Threads_lock - owner thread: 0x0000020bb1785fd0
[0x0000020b9d861420] Heap_lock - owner thread: 0x0000020bf9768090

Heap address: 0x0000000081c00000, size: 2020 MB, Compressed Oops mode: 32-bit

CDS archive(s) mapped at: [0x0000020bb2000000-0x0000020bb2bd0000-0x0000020bb2bd0000), size 12386304, SharedBaseAddress: 0x0000020bb2000000, ArchiveRelocationMode: 1.
Compressed class space mapped at: 0x0000020bb3000000-0x0000020bf3000000, reserved size: 1073741824
Narrow klass base: 0x0000020bb2000000, Narrow klass shift: 0, Narrow klass range: 0x100000000

GC Precious Log:
 CPUs: 8 total, 8 available
 Memory: 8078M
 Large Page Support: Disabled
 NUMA Support: Disabled
 Compressed Oops: Enabled (32-bit)
 Heap Region Size: 1M
 Heap Min Capacity: 8M
 Heap Initial Capacity: 128M
 Heap Max Capacity: 2020M
 Pre-touch: Disabled
 Parallel Workers: 8
 Concurrent Workers: 2
 Concurrent Refinement Workers: 8
 Periodic GC: Disabled

Heap:
 garbage-first heap   total 83968K, used 40434K [0x0000000081c00000, 0x0000000100000000)
  region size 1024K, 1 young (1024K), 1 survivors (1024K)
 Metaspace       used 75683K, committed 76352K, reserved 1114112K
  class space    used 11190K, committed 11520K, reserved 1048576K

Heap Regions: E=young(eden), S=young(survivor), O=old, HS=humongous(starts), HC=humongous(continues), CS=collection set, F=free, OA=open archive, CA=closed archive, TAMS=top-at-mark-start (previous, next)
|   0|0x0000000081c00000, 0x0000000081d00000, 0x0000000081d00000|100%|HS|  |TAMS 0x0000000081d00000, 0x0000000081c00000| Complete 
|   1|0x0000000081d00000, 0x0000000081e00000, 0x0000000081e00000|100%| O|  |TAMS 0x0000000081e00000, 0x0000000081d00000| Untracked 
|   2|0x0000000081e00000, 0x0000000081f00000, 0x0000000081f00000|100%| O|  |TAMS 0x0000000081f00000, 0x0000000081e00000| Untracked 
|   3|0x0000000081f00000, 0x0000000082000000, 0x0000000082000000|100%| O|  |TAMS 0x0000000082000000, 0x0000000081f00000| Untracked 
|   4|0x0000000082000000, 0x0000000082100000, 0x0000000082100000|100%| O|  |TAMS 0x0000000082100000, 0x0000000082000000| Untracked 
|   5|0x0000000082100000, 0x0000000082200000, 0x0000000082200000|100%| O|  |TAMS 0x0000000082200000, 0x0000000082100000| Untracked 
|   6|0x0000000082200000, 0x0000000082300000, 0x0000000082300000|100%| O|  |TAMS 0x0000000082300000, 0x0000000082200000| Untracked 
|   7|0x0000000082300000, 0x0000000082400000, 0x0000000082400000|100%| O|  |TAMS 0x0000000082400000, 0x0000000082300000| Untracked 
|   8|0x0000000082400000, 0x0000000082500000, 0x0000000082500000|100%| O|  |TAMS 0x0000000082500000, 0x0000000082400000| Untracked 
|   9|0x0000000082500000, 0x0000000082600000, 0x0000000082600000|100%| O|  |TAMS 0x0000000082600000, 0x0000000082500000| Untracked 
|  10|0x0000000082600000, 0x0000000082700000, 0x0000000082700000|100%| O|  |TAMS 0x0000000082700000, 0x0000000082600000| Untracked 
|  11|0x0000000082700000, 0x0000000082800000, 0x0000000082800000|100%| O|  |TAMS 0x0000000082800000, 0x0000000082700000| Untracked 
|  12|0x0000000082800000, 0x0000000082900000, 0x0000000082900000|100%| O|  |TAMS 0x0000000082900000, 0x0000000082800000| Untracked 
|  13|0x0000000082900000, 0x0000000082a00000, 0x0000000082a00000|100%| O|  |TAMS 0x0000000082a00000, 0x0000000082900000| Untracked 
|  14|0x0000000082a00000, 0x0000000082b00000, 0x0000000082b00000|100%| O|  |TAMS 0x0000000082b00000, 0x0000000082a00000| Untracked 
|  15|0x0000000082b00000, 0x0000000082b38a00, 0x0000000082c00000| 22%| O|  |TAMS 0x0000000082b00000, 0x0000000082b00000| Untracked 
|  16|0x0000000082c00000, 0x0000000082d00000, 0x0000000082d00000|100%| O|  |TAMS 0x0000000082c7b200, 0x0000000082c00000| Untracked 
|  17|0x0000000082d00000, 0x0000000082e00000, 0x0000000082e00000|100%| O|  |TAMS 0x0000000082e00000, 0x0000000082d00000| Untracked 
|  18|0x0000000082e00000, 0x0000000082f00000, 0x0000000082f00000|100%| O|  |TAMS 0x0000000082f00000, 0x0000000082e00000| Untracked 
|  19|0x0000000082f00000, 0x0000000083000000, 0x0000000083000000|100%| O|  |TAMS 0x0000000083000000, 0x0000000082f00000| Untracked 
|  20|0x0000000083000000, 0x0000000083100000, 0x0000000083100000|100%| O|  |TAMS 0x0000000083100000, 0x0000000083000000| Untracked 
|  21|0x0000000083100000, 0x0000000083100000, 0x0000000083200000|  0%| F|  |TAMS 0x0000000083100000, 0x0000000083100000| Untracked 
|  22|0x0000000083200000, 0x0000000083300000, 0x0000000083300000|100%| O|  |TAMS 0x0000000083300000, 0x0000000083200000| Untracked 
|  23|0x0000000083300000, 0x0000000083400000, 0x0000000083400000|100%| O|  |TAMS 0x0000000083400000, 0x0000000083300000| Untracked 
|  24|0x0000000083400000, 0x0000000083500000, 0x0000000083500000|100%| O|  |TAMS 0x0000000083500000, 0x0000000083400000| Untracked 
|  25|0x0000000083500000, 0x0000000083600000, 0x0000000083600000|100%| O|  |TAMS 0x0000000083600000, 0x0000000083500000| Untracked 
|  26|0x0000000083600000, 0x0000000083700000, 0x0000000083700000|100%| O|  |TAMS 0x0000000083700000, 0x0000000083600000| Untracked 
|  27|0x0000000083700000, 0x0000000083800000, 0x0000000083800000|100%| O|  |TAMS 0x0000000083800000, 0x0000000083700000| Untracked 
|  28|0x0000000083800000, 0x0000000083900000, 0x0000000083900000|100%| O|  |TAMS 0x0000000083900000, 0x0000000083800000| Untracked 
|  29|0x0000000083900000, 0x0000000083a00000, 0x0000000083a00000|100%| O|  |TAMS 0x0000000083a00000, 0x0000000083900000| Untracked 
|  30|0x0000000083a00000, 0x0000000083b00000, 0x0000000083b00000|100%| O|  |TAMS 0x0000000083b00000, 0x0000000083a00000| Untracked 
|  31|0x0000000083b00000, 0x0000000083c00000, 0x0000000083c00000|100%| O|  |TAMS 0x0000000083c00000, 0x0000000083b00000| Untracked 
|  32|0x0000000083c00000, 0x0000000083d00000, 0x0000000083d00000|100%| O|  |TAMS 0x0000000083d00000, 0x0000000083c00000| Untracked 
|  33|0x0000000083d00000, 0x0000000083e00000, 0x0000000083e00000|100%| O|  |TAMS 0x0000000083e00000, 0x0000000083d00000| Untracked 
|  34|0x0000000083e00000, 0x0000000083f00000, 0x0000000083f00000|100%| O|  |TAMS 0x0000000083f00000, 0x0000000083e00000| Untracked 
|  35|0x0000000083f00000, 0x0000000084000000, 0x0000000084000000|100%| O|  |TAMS 0x0000000084000000, 0x0000000083f00000| Untracked 
|  36|0x0000000084000000, 0x0000000084100000, 0x0000000084100000|100%| O|  |TAMS 0x0000000084100000, 0x0000000084000000| Untracked 
|  37|0x0000000084100000, 0x0000000084200000, 0x0000000084200000|100%| O|  |TAMS 0x0000000084200000, 0x0000000084100000| Untracked 
|  38|0x0000000084200000, 0x0000000084300000, 0x0000000084300000|100%| O|  |TAMS 0x0000000084300000, 0x0000000084200000| Untracked 
|  39|0x0000000084300000, 0x0000000084400000, 0x0000000084400000|100%| O|  |TAMS 0x0000000084400000, 0x0000000084300000| Untracked 
|  40|0x0000000084400000, 0x0000000084500000, 0x0000000084500000|100%| O|  |TAMS 0x0000000084500000, 0x0000000084400000| Untracked 
|  41|0x0000000084500000, 0x0000000084500000, 0x0000000084600000|  0%| F|  |TAMS 0x0000000084500000, 0x0000000084500000| Untracked 
|  42|0x0000000084600000, 0x0000000084600000, 0x0000000084700000|  0%| F|  |TAMS 0x0000000084600000, 0x0000000084600000| Untracked 
|  43|0x0000000084700000, 0x0000000084700000, 0x0000000084800000|  0%| F|  |TAMS 0x0000000084700000, 0x0000000084700000| Untracked 
|  44|0x0000000084800000, 0x0000000084800000, 0x0000000084900000|  0%| F|  |TAMS 0x0000000084800000, 0x0000000084800000| Untracked 
|  45|0x0000000084900000, 0x0000000084900000, 0x0000000084a00000|  0%| F|  |TAMS 0x0000000084900000, 0x0000000084900000| Untracked 
|  46|0x0000000084a00000, 0x0000000084a00000, 0x0000000084b00000|  0%| F|  |TAMS 0x0000000084a00000, 0x0000000084a00000| Untracked 
|  47|0x0000000084b00000, 0x0000000084b00000, 0x0000000084c00000|  0%| F|  |TAMS 0x0000000084b00000, 0x0000000084b00000| Untracked 
|  48|0x0000000084c00000, 0x0000000084c00000, 0x0000000084d00000|  0%| F|  |TAMS 0x0000000084c00000, 0x0000000084c00000| Untracked 
|  49|0x0000000084d00000, 0x0000000084d00000, 0x0000000084e00000|  0%| F|  |TAMS 0x0000000084d00000, 0x0000000084d00000| Untracked 
|  50|0x0000000084e00000, 0x0000000084e00000, 0x0000000084f00000|  0%| F|  |TAMS 0x0000000084e00000, 0x0000000084e00000| Untracked 
|  51|0x0000000084f00000, 0x0000000084f00000, 0x0000000085000000|  0%| F|  |TAMS 0x0000000084f00000, 0x0000000084f00000| Untracked 
|  52|0x0000000085000000, 0x0000000085000000, 0x0000000085100000|  0%| F|  |TAMS 0x0000000085000000, 0x0000000085000000| Untracked 
|  53|0x0000000085100000, 0x0000000085100000, 0x0000000085200000|  0%| F|  |TAMS 0x0000000085100000, 0x0000000085100000| Untracked 
|  54|0x0000000085200000, 0x0000000085200000, 0x0000000085300000|  0%| F|  |TAMS 0x0000000085200000, 0x0000000085200000| Untracked 
|  55|0x0000000085300000, 0x0000000085300000, 0x0000000085400000|  0%| F|  |TAMS 0x0000000085300000, 0x0000000085300000| Untracked 
|  56|0x0000000085400000, 0x0000000085400000, 0x0000000085500000|  0%| F|  |TAMS 0x0000000085400000, 0x0000000085400000| Untracked 
|  57|0x0000000085500000, 0x0000000085500000, 0x0000000085600000|  0%| F|  |TAMS 0x0000000085500000, 0x0000000085500000| Untracked 
|  58|0x0000000085600000, 0x0000000085600000, 0x0000000085700000|  0%| F|  |TAMS 0x0000000085600000, 0x0000000085600000| Untracked 
|  59|0x0000000085700000, 0x0000000085700000, 0x0000000085800000|  0%| F|  |TAMS 0x0000000085700000, 0x0000000085700000| Untracked 
|  60|0x0000000085800000, 0x0000000085800000, 0x0000000085900000|  0%| F|  |TAMS 0x0000000085800000, 0x0000000085800000| Untracked 
|  61|0x0000000085900000, 0x0000000085900000, 0x0000000085a00000|  0%| F|  |TAMS 0x0000000085900000, 0x0000000085900000| Untracked 
|  62|0x0000000085a00000, 0x0000000085a00000, 0x0000000085b00000|  0%| F|  |TAMS 0x0000000085a00000, 0x0000000085a00000| Untracked 
|  63|0x0000000085b00000, 0x0000000085b00000, 0x0000000085c00000|  0%| F|  |TAMS 0x0000000085b00000, 0x0000000085b00000| Untracked 
|  64|0x0000000085c00000, 0x0000000085c00000, 0x0000000085d00000|  0%| F|  |TAMS 0x0000000085c00000, 0x0000000085c00000| Untracked 
|  65|0x0000000085d00000, 0x0000000085d00000, 0x0000000085e00000|  0%| F|  |TAMS 0x0000000085d00000, 0x0000000085d00000| Untracked 
|  66|0x0000000085e00000, 0x0000000085e00000, 0x0000000085f00000|  0%| F|  |TAMS 0x0000000085e00000, 0x0000000085e00000| Untracked 
|  67|0x0000000085f00000, 0x0000000085f00000, 0x0000000086000000|  0%| F|  |TAMS 0x0000000085f00000, 0x0000000085f00000| Untracked 
|  68|0x0000000086000000, 0x0000000086000000, 0x0000000086100000|  0%| F|  |TAMS 0x0000000086000000, 0x0000000086000000| Untracked 
|  69|0x0000000086100000, 0x0000000086100000, 0x0000000086200000|  0%| F|  |TAMS 0x0000000086100000, 0x0000000086100000| Untracked 
|  70|0x0000000086200000, 0x0000000086200000, 0x0000000086300000|  0%| F|  |TAMS 0x0000000086200000, 0x0000000086200000| Untracked 
|  71|0x0000000086300000, 0x0000000086300000, 0x0000000086400000|  0%| F|  |TAMS 0x0000000086300000, 0x0000000086300000| Untracked 
|  72|0x0000000086400000, 0x0000000086400000, 0x0000000086500000|  0%| F|  |TAMS 0x0000000086400000, 0x0000000086400000| Untracked 
|  73|0x0000000086500000, 0x0000000086500000, 0x0000000086600000|  0%| F|  |TAMS 0x0000000086500000, 0x0000000086500000| Untracked 
|  74|0x0000000086600000, 0x0000000086600000, 0x0000000086700000|  0%| F|  |TAMS 0x0000000086600000, 0x0000000086600000| Untracked 
| 114|0x0000000088e00000, 0x0000000088e00000, 0x0000000088f00000|  0%| F|  |TAMS 0x0000000088e00000, 0x0000000088e00000| Untracked 
| 115|0x0000000088f00000, 0x0000000088f00000, 0x0000000089000000|  0%| F|  |TAMS 0x0000000088f00000, 0x0000000088f00000| Untracked 
| 116|0x0000000089000000, 0x0000000089000000, 0x0000000089100000|  0%| F|  |TAMS 0x0000000089000000, 0x0000000089000000| Untracked 
| 117|0x0000000089100000, 0x0000000089143f98, 0x0000000089200000| 26%| S|CS|TAMS 0x0000000089100000, 0x0000000089100000| Complete 
| 118|0x0000000089200000, 0x0000000089200000, 0x0000000089300000|  0%| F|  |TAMS 0x0000000089200000, 0x0000000089200000| Untracked 
| 119|0x0000000089300000, 0x0000000089300000, 0x0000000089400000|  0%| F|  |TAMS 0x0000000089300000, 0x0000000089300000| Untracked 
| 127|0x0000000089b00000, 0x0000000089b00000, 0x0000000089c00000|  0%| F|  |TAMS 0x0000000089b00000, 0x0000000089b00000| Untracked 

Card table byte_map: [0x0000020baa5e0000,0x0000020baa9e0000] _byte_map_base: 0x0000020baa1d2000

Marking Bits (Prev, Next): (CMBitMap*) 0x0000020b9d8c0660, (CMBitMap*) 0x0000020b9d8c0620
 Prev Bits: [0x0000020bacd70000, 0x0000020baed00000)
 Next Bits: [0x0000020baade0000, 0x0000020bacd70000)

Polling page: 0x0000020b9d930000

Metaspace:

Usage:
  Non-class:     62.98 MB used.
      Class:     10.93 MB used.
       Both:     73.91 MB used.

Virtual space:
  Non-class space:       64.00 MB reserved,      63.31 MB ( 99%) committed,  1 nodes.
      Class space:        1.00 GB reserved,      11.25 MB (  1%) committed,  1 nodes.
             Both:        1.06 GB reserved,      74.56 MB (  7%) committed. 

Chunk freelists:
   Non-Class:  544.00 KB
       Class:  4.78 MB
        Both:  5.31 MB

MaxMetaspaceSize: unlimited
CompressedClassSpaceSize: 1.00 GB
Initial GC threshold: 21.00 MB
Current GC threshold: 124.31 MB
CDS: on
MetaspaceReclaimPolicy: balanced
 - commit_granule_bytes: 65536.
 - commit_granule_words: 8192.
 - virtual_space_node_default_size: 8388608.
 - enlarge_chunks_in_place: 1.
 - new_chunks_are_fully_committed: 0.
 - uncommit_free_chunks: 1.
 - use_allocation_guard: 0.
 - handle_deallocations: 1.


Internal statistics:

num_allocs_failed_limit: 8.
num_arena_births: 1024.
num_arena_deaths: 14.
num_vsnodes_births: 2.
num_vsnodes_deaths: 0.
num_space_committed: 1193.
num_space_uncommitted: 0.
num_chunks_returned_to_freelist: 28.
num_chunks_taken_from_freelist: 3792.
num_chunk_merges: 14.
num_chunk_splits: 2757.
num_chunks_enlarged: 2106.
num_inconsistent_stats: 0.

CodeCache: size=49152Kb used=21832Kb max_used=21832Kb free=27320Kb
 bounds [0x0000020ba6900000, 0x0000020ba7e60000, 0x0000020ba9900000]
 total_blobs=12320 nmethods=11636 adapters=607
 compilation: enabled
              stopped_count=0, restarted_count=0
 full_count=0

Compilation events (20 events):
Event: 18.428 Thread 0x0000020bb1996440 nmethod 11626 0x0000020ba7e48c90 code [0x0000020ba7e48e20, 0x0000020ba7e48f38]
Event: 18.428 Thread 0x0000020bb1996440 11627       1       org.hibernate.query.internal.QueryParameterBindingsImpl$$Lambda$1761/0x0000020bb3ac6600::accept (12 bytes)
Event: 18.428 Thread 0x0000020bb1996440 nmethod 11627 0x0000020ba7e49010 code [0x0000020ba7e491a0, 0x0000020ba7e492e8]
Event: 18.428 Thread 0x0000020bb1996440 11628       1       org.hibernate.query.internal.QueryParameterBindingsImpl::lambda$validate$0 (61 bytes)
Event: 18.428 Thread 0x0000020bb1775710 nmethod 11620 0x0000020ba7e49390 code [0x0000020ba7e49680, 0x0000020ba7e4a358]
Event: 18.428 Thread 0x0000020bb1775c30 nmethod 11633 0x0000020ba7e4a910 code [0x0000020ba7e4aba0, 0x0000020ba7e4b3a8]
Event: 18.428 Thread 0x0000020bb1775710 11629       1       org.hibernate.engine.spi.LoadQueryInfluencers::adjustFetchProfiles (76 bytes)
Event: 18.428 Thread 0x0000020bb1775c30 11630       1       org.hibernate.query.sqm.internal.QuerySqmImpl::doList (273 bytes)
Event: 18.428 Thread 0x0000020bb1996440 nmethod 11628 0x0000020ba7e4b890 code [0x0000020ba7e4ba80, 0x0000020ba7e4be28]
Event: 18.428 Thread 0x0000020bb1996440 11631   !   1       org.hibernate.query.sqm.internal.QuerySqmImpl::verifySelect (34 bytes)
Event: 18.429 Thread 0x0000020bb1775710 nmethod 11629 0x0000020ba7e4c090 code [0x0000020ba7e4c260, 0x0000020ba7e4c668]
Event: 18.429 Thread 0x0000020bb1996440 nmethod 11631 0x0000020ba7e4c890 code [0x0000020ba7e4ca40, 0x0000020ba7e4cc28]
Event: 18.429 Thread 0x0000020bb1775710 11632       1       org.hibernate.query.sqm.tree.select.SqmSelectStatement::containsCollectionFetches (38 bytes)
Event: 18.429 Thread 0x0000020bb1775710 nmethod 11632 0x0000020ba7e4cd90 code [0x0000020ba7e4cf60, 0x0000020ba7e4d1f8]
Event: 18.429 Thread 0x0000020bb17ac7d0 nmethod 11624 0x0000020ba7e4d390 code [0x0000020ba7e4d660, 0x0000020ba7e4e1a8]
Event: 18.430 Thread 0x0000020bb1775c30 nmethod 11630 0x0000020ba7e4ed90 code [0x0000020ba7e4f020, 0x0000020ba7e4f948]
Event: 18.794 Thread 0x0000020bb17ac7d0 11635       1       java.util.concurrent.atomic.Striped64$Cell::cas (10 bytes)
Event: 18.795 Thread 0x0000020bb17ac7d0 nmethod 11635 0x0000020ba7e50110 code [0x0000020ba7e502c0, 0x0000020ba7e504d8]
Event: 18.918 Thread 0x0000020bb1775c30 11636   !   1       org.springframework.util.ConcurrentLruCache::drainOperations (89 bytes)
Event: 18.920 Thread 0x0000020bb1775c30 nmethod 11636 0x0000020ba7e50610 code [0x0000020ba7e50960, 0x0000020ba7e517f8]

GC Heap History (20 events):
Event: 15.087 GC heap after
{Heap after GC invocations=33 (full 0):
 garbage-first heap   total 68608K, used 39835K [0x0000000081c00000, 0x0000000100000000)
  region size 1024K, 3 young (3072K), 3 survivors (3072K)
 Metaspace       used 71046K, committed 71744K, reserved 1114112K
  class space    used 10426K, committed 10752K, reserved 1048576K
}
Event: 15.198 GC heap before
{Heap before GC invocations=33 (full 0):
 garbage-first heap   total 68608K, used 39835K [0x0000000081c00000, 0x0000000100000000)
  region size 1024K, 4 young (4096K), 3 survivors (3072K)
 Metaspace       used 71300K, committed 71936K, reserved 1114112K
  class space    used 10457K, committed 10752K, reserved 1048576K
}
Event: 15.204 GC heap after
{Heap after GC invocations=34 (full 0):
 garbage-first heap   total 68608K, used 40158K [0x0000000081c00000, 0x0000000100000000)
  region size 1024K, 1 young (1024K), 1 survivors (1024K)
 Metaspace       used 71300K, committed 71936K, reserved 1114112K
  class space    used 10457K, committed 10752K, reserved 1048576K
}
Event: 15.767 GC heap before
{Heap before GC invocations=34 (full 0):
 garbage-first heap   total 68608K, used 54494K [0x0000000081c00000, 0x0000000100000000)
  region size 1024K, 16 young (16384K), 1 survivors (1024K)
 Metaspace       used 73878K, committed 74560K, reserved 1114112K
  class space    used 10880K, committed 11200K, reserved 1048576K
}
Event: 15.773 GC heap after
{Heap after GC invocations=35 (full 0):
 garbage-first heap   total 83968K, used 41003K [0x0000000081c00000, 0x0000000100000000)
  region size 1024K, 2 young (2048K), 2 survivors (2048K)
 Metaspace       used 73878K, committed 74560K, reserved 1114112K
  class space    used 10880K, committed 11200K, reserved 1048576K
}
Event: 16.839 GC heap before
{Heap before GC invocations=36 (full 0):
 garbage-first heap   total 83968K, used 66603K [0x0000000081c00000, 0x0000000100000000)
  region size 1024K, 27 young (27648K), 2 survivors (2048K)
 Metaspace       used 75687K, committed 76352K, reserved 1114112K
  class space    used 11190K, committed 11520K, reserved 1048576K
}
Event: 16.842 GC heap after
{Heap after GC invocations=37 (full 0):
 garbage-first heap   total 83968K, used 41387K [0x0000000081c00000, 0x0000000100000000)
  region size 1024K, 2 young (2048K), 2 survivors (2048K)
 Metaspace       used 75687K, committed 76352K, reserved 1114112K
  class space    used 11190K, committed 11520K, reserved 1048576K
}
Event: 16.887 GC heap before
{Heap before GC invocations=37 (full 0):
 garbage-first heap   total 83968K, used 43435K [0x0000000081c00000, 0x0000000100000000)
  region size 1024K, 4 young (4096K), 2 survivors (2048K)
 Metaspace       used 75687K, committed 76352K, reserved 1114112K
  class space    used 11190K, committed 11520K, reserved 1048576K
}
Event: 16.894 GC heap after
{Heap after GC invocations=38 (full 0):
 garbage-first heap   total 83968K, used 41044K [0x0000000081c00000, 0x0000000100000000)
  region size 1024K, 1 young (1024K), 1 survivors (1024K)
 Metaspace       used 75687K, committed 76352K, reserved 1114112K
  class space    used 11190K, committed 11520K, reserved 1048576K
}
Event: 18.098 GC heap before
{Heap before GC invocations=38 (full 0):
 garbage-first heap   total 83968K, used 67668K [0x0000000081c00000, 0x0000000100000000)
  region size 1024K, 27 young (27648K), 1 survivors (1024K)
 Metaspace       used 75693K, committed 76352K, reserved 1114112K
  class space    used 11194K, committed 11520K, reserved 1048576K
}
Event: 18.099 GC heap after
{Heap after GC invocations=39 (full 0):
 garbage-first heap   total 83968K, used 41003K [0x0000000081c00000, 0x0000000100000000)
  region size 1024K, 1 young (1024K), 1 survivors (1024K)
 Metaspace       used 75693K, committed 76352K, reserved 1114112K
  class space    used 11194K, committed 11520K, reserved 1048576K
}
Event: 18.374 GC heap before
{Heap before GC invocations=40 (full 0):
 garbage-first heap   total 83968K, used 68651K [0x0000000081c00000, 0x0000000100000000)
  region size 1024K, 28 young (28672K), 1 survivors (1024K)
 Metaspace       used 75683K, committed 76352K, reserved 1114112K
  class space    used 11190K, committed 11520K, reserved 1048576K
}
Event: 18.376 GC heap after
{Heap after GC invocations=41 (full 0):
 garbage-first heap   total 83968K, used 41053K [0x0000000081c00000, 0x0000000100000000)
  region size 1024K, 1 young (1024K), 1 survivors (1024K)
 Metaspace       used 75683K, committed 76352K, reserved 1114112K
  class space    used 11190K, committed 11520K, reserved 1048576K
}
Event: 18.400 GC heap before
{Heap before GC invocations=41 (full 0):
 garbage-first heap   total 83968K, used 44125K [0x0000000081c00000, 0x0000000100000000)
  region size 1024K, 4 young (4096K), 1 survivors (1024K)
 Metaspace       used 75683K, committed 76352K, reserved 1114112K
  class space    used 11190K, committed 11520K, reserved 1048576K
}
Event: 18.403 GC heap after
{Heap after GC invocations=42 (full 0):
 garbage-first heap   total 83968K, used 40719K [0x0000000081c00000, 0x0000000100000000)
  region size 1024K, 1 young (1024K), 1 survivors (1024K)
 Metaspace       used 75683K, committed 76352K, reserved 1114112K
  class space    used 11190K, committed 11520K, reserved 1048576K
}
Event: 18.660 GC heap before
{Heap before GC invocations=42 (full 0):
 garbage-first heap   total 83968K, used 68367K [0x0000000081c00000, 0x0000000100000000)
  region size 1024K, 28 young (28672K), 1 survivors (1024K)
 Metaspace       used 75683K, committed 76352K, reserved 1114112K
  class space    used 11190K, committed 11520K, reserved 1048576K
}
Event: 18.662 GC heap after
{Heap after GC invocations=43 (full 0):
 garbage-first heap   total 83968K, used 40645K [0x0000000081c00000, 0x0000000100000000)
  region size 1024K, 1 young (1024K), 1 survivors (1024K)
 Metaspace       used 75683K, committed 76352K, reserved 1114112K
  class space    used 11190K, committed 11520K, reserved 1048576K
}
Event: 18.911 GC heap before
{Heap before GC invocations=44 (full 0):
 garbage-first heap   total 83968K, used 69317K [0x0000000081c00000, 0x0000000100000000)
  region size 1024K, 29 young (29696K), 1 survivors (1024K)
 Metaspace       used 75683K, committed 76352K, reserved 1114112K
  class space    used 11190K, committed 11520K, reserved 1048576K
}
Event: 18.913 GC heap after
{Heap after GC invocations=45 (full 0):
 garbage-first heap   total 83968K, used 40679K [0x0000000081c00000, 0x0000000100000000)
  region size 1024K, 1 young (1024K), 1 survivors (1024K)
 Metaspace       used 75683K, committed 76352K, reserved 1114112K
  class space    used 11190K, committed 11520K, reserved 1048576K
}
Event: 18.936 GC heap before
{Heap before GC invocations=45 (full 0):
 garbage-first heap   total 83968K, used 43751K [0x0000000081c00000, 0x0000000100000000)
  region size 1024K, 4 young (4096K), 1 survivors (1024K)
 Metaspace       used 75683K, committed 76352K, reserved 1114112K
  class space    used 11190K, committed 11520K, reserved 1048576K
}

Deoptimization events (6 events):
Event: 10.523 Thread 0x0000020bf765ba60 DEOPT PACKING pc=0x0000020ba73c8674 sp=0x0000004136bfbf10
Event: 10.523 Thread 0x0000020bf765ba60 DEOPT UNPACKING pc=0x0000020ba6952b43 sp=0x0000004136bfb398 mode 0
Event: 11.890 Thread 0x0000020bf765ba60 DEOPT PACKING pc=0x0000020ba6ee7b24 sp=0x0000004136bfbab0
Event: 11.890 Thread 0x0000020bf765ba60 DEOPT UNPACKING pc=0x0000020ba6952b43 sp=0x0000004136bfb008 mode 0
Event: 11.977 Thread 0x0000020bf765ba60 DEOPT PACKING pc=0x0000020ba6f07b22 sp=0x0000004136bfbd60
Event: 11.977 Thread 0x0000020bf765ba60 DEOPT UNPACKING pc=0x0000020ba6952b43 sp=0x0000004136bfb268 mode 3

Classes unloaded (7 events):
Event: 18.166 Thread 0x0000020bb1785fd0 Unloading class 0x0000020bb3af0800 'java/lang/invoke/LambdaForm$DMH+0x0000020bb3af0800'
Event: 18.166 Thread 0x0000020bb1785fd0 Unloading class 0x0000020bb3af0000 'java/lang/invoke/LambdaForm$DMH+0x0000020bb3af0000'
Event: 18.166 Thread 0x0000020bb1785fd0 Unloading class 0x0000020bb3a9d400 'java/lang/invoke/LambdaForm$DMH+0x0000020bb3a9d400'
Event: 18.166 Thread 0x0000020bb1785fd0 Unloading class 0x0000020bb3a9d000 'java/lang/invoke/LambdaForm$DMH+0x0000020bb3a9d000'
Event: 18.166 Thread 0x0000020bb1785fd0 Unloading class 0x0000020bb3a9cc00 'java/lang/invoke/LambdaForm$DMH+0x0000020bb3a9cc00'
Event: 18.166 Thread 0x0000020bb1785fd0 Unloading class 0x0000020bb3a9c800 'java/lang/invoke/LambdaForm$DMH+0x0000020bb3a9c800'
Event: 18.166 Thread 0x0000020bb1785fd0 Unloading class 0x0000020bb3a9c400 'java/lang/invoke/LambdaForm$DMH+0x0000020bb3a9c400'

Classes redefined (0 events):
No events

Internal exceptions (20 events):
Event: 13.988 Thread 0x0000020bf765ba60 Exception <a 'java/lang/IncompatibleClassChangeError'{0x000000008512c860}: Found class java.lang.Object, but interface was expected> (0x000000008512c860) 
thrown [s\open\src\hotspot\share\interpreter\linkResolver.cpp, line 826]
Event: 14.097 Thread 0x0000020bf765ba60 Exception <a 'java/lang/NoSuchMethodError'{0x0000000084f55bd0}: 'void java.lang.invoke.DirectMethodHandle$Holder.invokeVirtual(java.lang.Object, java.lang.Object, long)'> (0x0000000084f55bd0) 
thrown [s\open\src\hotspot\share\interpreter\linkResolver.cpp, line 759]
Event: 14.276 Thread 0x0000020bf765ba60 Exception <a 'java/lang/NoSuchMethodError'{0x0000000089b569b8}: 'int java.lang.invoke.DirectMethodHandle$Holder.invokeStaticInit(java.lang.Object, java.lang.Object, java.lang.Object, java.lang.Object)'> (0x0000000089b569b8) 
thrown [s\open\src\hotspot\share\interpreter\linkResolver.cpp, line 759]
Event: 14.561 Thread 0x0000020bf765ba60 Exception <a 'java/lang/IncompatibleClassChangeError'{0x00000000890de138}: Found class java.lang.Object, but interface was expected> (0x00000000890de138) 
thrown [s\open\src\hotspot\share\interpreter\linkResolver.cpp, line 826]
Event: 14.898 Thread 0x0000020bf765ba60 Exception <a 'java/lang/NoSuchMethodError'{0x000000008521faa8}: 'java.lang.Object java.lang.invoke.DirectMethodHandle$Holder.newInvokeSpecial(java.lang.Object, java.lang.Object, int, java.lang.Object, java.lang.Object)'> (0x000000008521faa8) 
thrown [s\open\src\hotspot\share\interpreter\linkResolver.cpp, line 759]
Event: 14.899 Thread 0x0000020bf765ba60 Exception <a 'java/lang/NoSuchMethodError'{0x0000000085223ce8}: 'java.lang.Object java.lang.invoke.DirectMethodHandle$Holder.invokeSpecial(java.lang.Object, java.lang.Object, java.lang.Object, int, java.lang.Object, java.lang.Object)'> (0x0000000085223ce8) 
thrown [s\open\src\hotspot\share\interpreter\linkResolver.cpp, line 759]
Event: 14.899 Thread 0x0000020bf765ba60 Exception <a 'java/lang/NoSuchMethodError'{0x000000008522b288}: 'java.lang.Object java.lang.invoke.DirectMethodHandle$Holder.invokeSpecial(java.lang.Object, java.lang.Object, int, java.lang.Object, int, java.lang.Object)'> (0x000000008522b288) 
thrown [s\open\src\hotspot\share\interpreter\linkResolver.cpp, line 759]
Event: 14.900 Thread 0x0000020bf765ba60 Exception <a 'java/lang/NoSuchMethodError'{0x0000000085233338}: 'java.lang.Object java.lang.invoke.DirectMethodHandle$Holder.newInvokeSpecial(java.lang.Object, java.lang.Object, int, java.lang.Object, int)'> (0x0000000085233338) 
thrown [s\open\src\hotspot\share\interpreter\linkResolver.cpp, line 759]
Event: 14.900 Thread 0x0000020bf765ba60 Exception <a 'java/lang/NoSuchMethodError'{0x0000000085237438}: 'java.lang.Object java.lang.invoke.DirectMethodHandle$Holder.invokeSpecial(java.lang.Object, java.lang.Object, java.lang.Object, int, java.lang.Object, int)'> (0x0000000085237438) 
thrown [s\open\src\hotspot\share\interpreter\linkResolver.cpp, line 759]
Event: 15.282 Thread 0x0000020bf9765300 Exception <a 'java/lang/NoSuchMethodError'{0x000000008924c368}: 'java.lang.Object java.lang.invoke.DirectMethodHandle$Holder.invokeSpecial(java.lang.Object, java.lang.Object, java.lang.Object, java.lang.Object, java.lang.Object, long)'> (0x000000008924c368) 
thrown [s\open\src\hotspot\share\interpreter\linkResolver.cpp, line 759]
Event: 15.282 Thread 0x0000020bf9765300 Exception <a 'java/lang/NoSuchMethodError'{0x000000008924fda8}: 'java.lang.Object java.lang.invoke.Invokers$Holder.linkToTargetMethod(java.lang.Object, java.lang.Object, java.lang.Object, long, java.lang.Object)'> (0x000000008924fda8) 
thrown [s\open\src\hotspot\share\interpreter\linkResolver.cpp, line 759]
Event: 15.541 Thread 0x0000020bf9762a80 Exception <a 'java/lang/NoSuchMethodError'{0x0000000088fd84f0}: 'java.lang.Object java.lang.invoke.DirectMethodHandle$Holder.invokeStatic(java.lang.Object, int, int)'> (0x0000000088fd84f0) 
thrown [s\open\src\hotspot\share\interpreter\linkResolver.cpp, line 759]
Event: 15.541 Thread 0x0000020bf9765810 Exception <a 'java/lang/NoSuchMethodError'{0x0000000088fbd468}: 'java.lang.Object java.lang.invoke.DirectMethodHandle$Holder.invokeStatic(java.lang.Object, int, int)'> (0x0000000088fbd468) 
thrown [s\open\src\hotspot\share\interpreter\linkResolver.cpp, line 759]
Event: 15.541 Thread 0x0000020bf9768090 Exception <a 'java/lang/NoSuchMethodError'{0x0000000088fb91c0}: 'java.lang.Object java.lang.invoke.DirectMethodHandle$Holder.invokeStatic(java.lang.Object, int, int)'> (0x0000000088fb91c0) 
thrown [s\open\src\hotspot\share\interpreter\linkResolver.cpp, line 759]
Event: 15.541 Thread 0x0000020bf9765300 Exception <a 'java/lang/NoSuchMethodError'{0x0000000088fcbdb0}: 'java.lang.Object java.lang.invoke.DirectMethodHandle$Holder.invokeStatic(java.lang.Object, int, int)'> (0x0000000088fcbdb0) 
thrown [s\open\src\hotspot\share\interpreter\linkResolver.cpp, line 759]
Event: 15.541 Thread 0x0000020bf97634a0 Exception <a 'java/lang/NoSuchMethodError'{0x0000000088fc7ae0}: 'java.lang.Object java.lang.invoke.DirectMethodHandle$Holder.invokeStatic(java.lang.Object, int, int)'> (0x0000000088fc7ae0) 
thrown [s\open\src\hotspot\share\interpreter\linkResolver.cpp, line 759]
Event: 15.541 Thread 0x0000020bf97639b0 Exception <a 'java/lang/NoSuchMethodError'{0x0000000088fc1ed0}: 'java.lang.Object java.lang.invoke.DirectMethodHandle$Holder.invokeStatic(java.lang.Object, int, int)'> (0x0000000088fc1ed0) 
thrown [s\open\src\hotspot\share\interpreter\linkResolver.cpp, line 759]
Event: 15.787 Thread 0x0000020bf9762a80 Exception <a 'java/lang/NoSuchMethodError'{0x0000000089bcfc08}: 'void java.lang.invoke.DirectMethodHandle$Holder.invokeSpecialIFC(java.lang.Object, java.lang.Object, int, java.lang.Object, java.lang.Object, java.lang.Object, java.lang.Object)'> (0x0000000089bcfc08) 
thrown [s\open\src\hotspot\share\interpreter\linkResolver.cpp, line 759]
Event: 15.787 Thread 0x0000020bf9765810 Exception <a 'java/lang/NoSuchMethodError'{0x0000000089ba8580}: 'void java.lang.invoke.DirectMethodHandle$Holder.invokeSpecialIFC(java.lang.Object, java.lang.Object, int, java.lang.Object, java.lang.Object, java.lang.Object, java.lang.Object)'> (0x0000000089ba8580) 
thrown [s\open\src\hotspot\share\interpreter\linkResolver.cpp, line 759]
Event: 15.787 Thread 0x0000020bf97634a0 Exception <a 'java/lang/NoSuchMethodError'{0x0000000089bf5380}: 'void java.lang.invoke.DirectMethodHandle$Holder.invokeSpecialIFC(java.lang.Object, java.lang.Object, int, java.lang.Object, java.lang.Object, java.lang.Object, java.lang.Object)'> (0x0000000089bf5380) 
thrown [s\open\src\hotspot\share\interpreter\linkResolver.cpp, line 759]

VM Operations (20 events):
Event: 17.777 Executing VM operation: ICBufferFull done
Event: 18.098 Executing VM operation: G1CollectForAllocation
Event: 18.099 Executing VM operation: G1CollectForAllocation done
Event: 18.165 Executing VM operation: G1Concurrent
Event: 18.177 Executing VM operation: G1Concurrent done
Event: 18.208 Executing VM operation: G1Concurrent
Event: 18.211 Executing VM operation: G1Concurrent done
Event: 18.374 Executing VM operation: G1CollectForAllocation
Event: 18.376 Executing VM operation: G1CollectForAllocation done
Event: 18.400 Executing VM operation: G1CollectForAllocation
Event: 18.403 Executing VM operation: G1CollectForAllocation done
Event: 18.660 Executing VM operation: G1CollectForAllocation
Event: 18.663 Executing VM operation: G1CollectForAllocation done
Event: 18.727 Executing VM operation: G1Concurrent
Event: 18.732 Executing VM operation: G1Concurrent done
Event: 18.763 Executing VM operation: G1Concurrent
Event: 18.763 Executing VM operation: G1Concurrent done
Event: 18.911 Executing VM operation: G1CollectForAllocation
Event: 18.913 Executing VM operation: G1CollectForAllocation done
Event: 18.936 Executing VM operation: G1CollectForAllocation

Events (20 events):
Event: 15.523 loading class java/time/format/DateTimeFormatterBuilder$ZoneTextPrinterParser done
Event: 15.523 loading class java/time/format/DateTimeFormatterBuilder$ReducedPrinterParser
Event: 15.524 loading class java/time/format/DateTimeFormatterBuilder$ReducedPrinterParser done
Event: 15.542 loading class java/util/ArrayList$SubList$2
Event: 15.542 loading class java/util/ArrayList$SubList$2 done
Event: 15.752 loading class java/util/AbstractMap$SimpleEntry
Event: 15.753 loading class java/util/AbstractMap$SimpleEntry done
Event: 15.856 Thread 0x0000020bf9766c50 Thread added: 0x0000020bf9766c50
Event: 15.900 loading class javax/xml/datatype/XMLGregorianCalendar
Event: 15.901 loading class javax/xml/datatype/XMLGregorianCalendar done
Event: 15.967 loading class java/util/stream/LongStream
Event: 15.969 loading class java/util/stream/LongStream done
Event: 15.969 loading class java/util/stream/DoubleStream
Event: 15.970 loading class java/util/stream/DoubleStream done
Event: 15.996 loading class org/w3c/dom/Node
Event: 15.996 loading class org/w3c/dom/Node done
Event: 15.996 loading class org/w3c/dom/Document
Event: 15.996 loading class org/w3c/dom/Document done
Event: 16.048 loading class java/util/concurrent/atomic/Striped64$Cell
Event: 16.048 loading class java/util/concurrent/atomic/Striped64$Cell done


Dynamic libraries:
0x00007ff617230000 - 0x00007ff617240000 	C:\Program Files\Java\jdk-17\bin\java.exe
0x00007ff82e150000 - 0x00007ff82e348000 	C:\WINDOWS\SYSTEM32\ntdll.dll
0x00007ff82c310000 - 0x00007ff82c3cd000 	C:\WINDOWS\System32\KERNEL32.DLL
0x00007ff82be10000 - 0x00007ff82c106000 	C:\WINDOWS\System32\KERNELBASE.dll
0x00007ff82b9f0000 - 0x00007ff82baf0000 	C:\WINDOWS\System32\ucrtbase.dll
0x00007ff80a5c0000 - 0x00007ff80a5db000 	C:\Program Files\Java\jdk-17\bin\VCRUNTIME140.dll
0x00007ff80bf90000 - 0x00007ff80bfa9000 	C:\Program Files\Java\jdk-17\bin\jli.dll
0x00007ff82c180000 - 0x00007ff82c230000 	C:\WINDOWS\System32\ADVAPI32.dll
0x00007ff82d270000 - 0x00007ff82d30e000 	C:\WINDOWS\System32\msvcrt.dll
0x00007ff82c850000 - 0x00007ff82c8f0000 	C:\WINDOWS\System32\sechost.dll
0x00007ff82cbb0000 - 0x00007ff82ccd3000 	C:\WINDOWS\System32\RPCRT4.dll
0x00007ff82bd30000 - 0x00007ff82bd57000 	C:\WINDOWS\System32\bcrypt.dll
0x00007ff82d390000 - 0x00007ff82d52f000 	C:\WINDOWS\System32\USER32.dll
0x00007ff82b800000 - 0x00007ff82b822000 	C:\WINDOWS\System32\win32u.dll
0x00007ff82cb80000 - 0x00007ff82cbab000 	C:\WINDOWS\System32\GDI32.dll
0x00007ff82b830000 - 0x00007ff82b947000 	C:\WINDOWS\System32\gdi32full.dll
0x00007ff82b950000 - 0x00007ff82b9ed000 	C:\WINDOWS\System32\msvcp_win.dll
0x00007ff817f00000 - 0x00007ff81819a000 	C:\WINDOWS\WinSxS\amd64_microsoft.windows.common-controls_6595b64144ccf1df_6.0.19041.4355_none_60b8b9eb71f62e16\COMCTL32.dll
0x00007ff822bf0000 - 0x00007ff822bfa000 	C:\WINDOWS\SYSTEM32\VERSION.dll
0x00007ff82d8c0000 - 0x00007ff82d8f2000 	C:\WINDOWS\System32\IMM32.DLL
0x00007ff822210000 - 0x00007ff82221c000 	C:\Program Files\Java\jdk-17\bin\vcruntime140_1.dll
0x00007ffffd2d0000 - 0x00007ffffd35e000 	C:\Program Files\Java\jdk-17\bin\msvcp140.dll
0x00007fffae240000 - 0x00007fffaee1f000 	C:\Program Files\Java\jdk-17\bin\server\jvm.dll
0x00007ff82cce0000 - 0x00007ff82cce8000 	C:\WINDOWS\System32\PSAPI.DLL
0x00007ff80bac0000 - 0x00007ff80bac9000 	C:\WINDOWS\SYSTEM32\WSOCK32.dll
0x00007ff82d730000 - 0x00007ff82d79b000 	C:\WINDOWS\System32\WS2_32.dll
0x00007ff8204c0000 - 0x00007ff8204e7000 	C:\WINDOWS\SYSTEM32\WINMM.dll
0x00007ff82a010000 - 0x00007ff82a022000 	C:\WINDOWS\SYSTEM32\kernel.appcore.dll
0x00007ff81c7d0000 - 0x00007ff81c7da000 	C:\Program Files\Java\jdk-17\bin\jimage.dll
0x00007ff829580000 - 0x00007ff829764000 	C:\WINDOWS\SYSTEM32\DBGHELP.DLL
0x00007ff80ccc0000 - 0x00007ff80ccf4000 	C:\WINDOWS\SYSTEM32\dbgcore.DLL
0x00007ff82bca0000 - 0x00007ff82bd22000 	C:\WINDOWS\System32\bcryptPrimitives.dll
0x00007ff80c350000 - 0x00007ff80c35e000 	C:\Program Files\Java\jdk-17\bin\instrument.dll
0x00007ffffd6d0000 - 0x00007ffffd6f5000 	C:\Program Files\Java\jdk-17\bin\java.dll
0x00007ffffcbf0000 - 0x00007ffffccc7000 	C:\Program Files\Java\jdk-17\bin\jsvml.dll
0x00007ff82d910000 - 0x00007ff82e07b000 	C:\WINDOWS\System32\SHELL32.dll
0x00007ff829770000 - 0x00007ff829f0d000 	C:\WINDOWS\SYSTEM32\windows.storage.dll
0x00007ff82c3d0000 - 0x00007ff82c723000 	C:\WINDOWS\System32\combase.dll
0x00007ff82b150000 - 0x00007ff82b17e000 	C:\WINDOWS\SYSTEM32\Wldp.dll
0x00007ff82d660000 - 0x00007ff82d72d000 	C:\WINDOWS\System32\OLEAUT32.dll
0x00007ff82c790000 - 0x00007ff82c83d000 	C:\WINDOWS\System32\SHCORE.dll
0x00007ff82c8f0000 - 0x00007ff82c945000 	C:\WINDOWS\System32\shlwapi.dll
0x00007ff82b730000 - 0x00007ff82b754000 	C:\WINDOWS\SYSTEM32\profapi.dll
0x00007ff805be0000 - 0x00007ff805bf8000 	C:\Program Files\Java\jdk-17\bin\zip.dll
0x00007ff809c40000 - 0x00007ff809c59000 	C:\Program Files\Java\jdk-17\bin\net.dll
0x00007ff823310000 - 0x00007ff82341a000 	C:\WINDOWS\SYSTEM32\WINHTTP.dll
0x00007ff82aeb0000 - 0x00007ff82af1a000 	C:\WINDOWS\system32\mswsock.dll
0x00007ff805f50000 - 0x00007ff805f66000 	C:\Program Files\Java\jdk-17\bin\nio.dll
0x00007ff80c280000 - 0x00007ff80c29a000 	C:\Program Files\JetBrains\IntelliJ IDEA 2023.2.3\bin\breakgen64.dll
0x00007ff82abd0000 - 0x00007ff82ac9b000 	C:\WINDOWS\SYSTEM32\DNSAPI.dll
0x00007ff82ab90000 - 0x00007ff82abcb000 	C:\WINDOWS\SYSTEM32\IPHLPAPI.DLL
0x00007ff82d900000 - 0x00007ff82d908000 	C:\WINDOWS\System32\NSI.dll
0x00007ff823140000 - 0x00007ff82314a000 	C:\Windows\System32\rasadhlp.dll
0x00007ff8203b0000 - 0x00007ff820430000 	C:\WINDOWS\System32\fwpuclnt.dll
0x00007ff80c340000 - 0x00007ff80c34a000 	C:\Program Files\Java\jdk-17\bin\management.dll
0x00007ff80c2d0000 - 0x00007ff80c2db000 	C:\Program Files\Java\jdk-17\bin\management_ext.dll
0x00007ff82b0b0000 - 0x00007ff82b0c8000 	C:\WINDOWS\SYSTEM32\CRYPTSP.dll
0x00007ff82a7d0000 - 0x00007ff82a804000 	C:\WINDOWS\system32\rsaenh.dll
0x00007ff82b6e0000 - 0x00007ff82b70e000 	C:\WINDOWS\SYSTEM32\USERENV.dll
0x00007ff82b0a0000 - 0x00007ff82b0ac000 	C:\WINDOWS\SYSTEM32\CRYPTBASE.dll
0x00007ff8247b0000 - 0x00007ff8247c7000 	C:\WINDOWS\SYSTEM32\dhcpcsvc6.DLL
0x00007ff824730000 - 0x00007ff82474d000 	C:\WINDOWS\SYSTEM32\dhcpcsvc.DLL
0x00007ff80aa90000 - 0x00007ff80aaa7000 	C:\WINDOWS\system32\napinsp.dll
0x00007ff80aa70000 - 0x00007ff80aa8b000 	C:\WINDOWS\system32\pnrpnsp.dll
0x00007ff825960000 - 0x00007ff825975000 	C:\WINDOWS\system32\wshbth.dll
0x00007ff826af0000 - 0x00007ff826b0d000 	C:\WINDOWS\system32\NLAapi.dll
0x00007ff80aa50000 - 0x00007ff80aa62000 	C:\WINDOWS\System32\winrnr.dll
0x00007ff80c150000 - 0x00007ff80c15e000 	C:\Program Files\Java\jdk-17\bin\sunmscapi.dll
0x00007ff82baf0000 - 0x00007ff82bc4e000 	C:\WINDOWS\System32\CRYPT32.dll
0x00007ff82b1c0000 - 0x00007ff82b1e9000 	C:\WINDOWS\SYSTEM32\ncrypt.dll
0x00007ff82b180000 - 0x00007ff82b1bb000 	C:\WINDOWS\SYSTEM32\NTASN1.dll
0x00007ff80c2a0000 - 0x00007ff80c2b0000 	C:\Program Files\Java\jdk-17\bin\verify.dll
0x00007ff826060000 - 0x00007ff826067000 	C:\WINDOWS\system32\wshunix.dll

dbghelp: loaded successfully - version: 4.0.5 - missing functions: none
symbol engine: initialized successfully - sym options: 0x614 - pdb path: .;C:\Program Files\Java\jdk-17\bin;C:\WINDOWS\SYSTEM32;C:\WINDOWS\WinSxS\amd64_microsoft.windows.common-controls_6595b64144ccf1df_6.0.19041.4355_none_60b8b9eb71f62e16;C:\Program Files\Java\jdk-17\bin\server;C:\Program Files\JetBrains\IntelliJ IDEA 2023.2.3\bin

VM Arguments:
jvm_args: -XX:TieredStopAtLevel=1 -Dspring.output.ansi.enabled=always -Dcom.sun.management.jmxremote -Dspring.jmx.enabled=true -Dspring.liveBeansView.mbeanDomain -Dspring.application.admin.enabled=true -Dmanagement.endpoints.jmx.exposure.include=* -javaagent:C:\Program Files\JetBrains\IntelliJ IDEA 2023.2.3\lib\idea_rt.jar=63774:C:\Program Files\JetBrains\IntelliJ IDEA 2023.2.3\bin -Dfile.encoding=UTF-8 
java_command: ma.marjane.digitalisation_processus_recrutement.Application
java_class_path (initial): C:\Users\Demon\Desktop\digitalisation__du_precessus_de_recrutement\Ditalisation_Processus_Recrutement\target\classes;C:\Users\Demon\.m2\repository\org\springframework\boot\spring-boot-starter-data-jpa\3.2.5\spring-boot-starter-data-jpa-3.2.5.jar;C:\Users\Demon\.m2\repository\org\springframework\boot\spring-boot-starter-aop\3.2.5\spring-boot-starter-aop-3.2.5.jar;C:\Users\Demon\.m2\repository\org\springframework\spring-aop\6.1.6\spring-aop-6.1.6.jar;C:\Users\Demon\.m2\repository\org\aspectj\aspectjweaver\1.9.22\aspectjweaver-1.9.22.jar;C:\Users\Demon\.m2\repository\org\springframework\boot\spring-boot-starter-jdbc\3.2.5\spring-boot-starter-jdbc-3.2.5.jar;C:\Users\Demon\.m2\repository\com\zaxxer\HikariCP\5.0.1\HikariCP-5.0.1.jar;C:\Users\Demon\.m2\repository\org\springframework\spring-jdbc\6.1.6\spring-jdbc-6.1.6.jar;C:\Users\Demon\.m2\repository\org\hibernate\orm\hibernate-core\6.4.4.Final\hibernate-core-6.4.4.Final.jar;C:\Users\Demon\.m2\repository\org\springframework\data\spring-data-jpa\3.2.5\spring-data-jpa-3.2.5.jar;C:\Users\Demon\.m2\repository\org\springframework\data\spring-data-commons\3.2.5\spring-data-commons-3.2.5.jar;C:\Users\Demon\.m2\repository\org\springframework\spring-orm\6.1.6\spring-orm-6.1.6.jar;C:\Users\Demon\.m2\repository\org\springframework\spring-context\6.1.6\spring-context-6.1.6.jar;C:\Users\Demon\.m2\repository\org\springframework\spring-tx\6.1.6\spring-tx-6.1.6.jar;C:\Users\Demon\.m2\repository\org\springframework\spring-beans\6.1.6\spring-beans-6.1.6.jar;C:\Users\Demon\.m2\repository\jakarta\annotation\jakarta.annotation-api\2.1.1\jakarta.annotation-api-2.1.1.jar;C:\Users\Demon\.m2\repository\org\slf4j\slf4j-api\2.0.13\slf4j-api-2.0.13.jar;C:\Users\Demon\.m2\repository\org\springframework\spring-aspects\6.1.6\spring-aspects-6.1.6.jar;C:\Users\Demon\.m2\repository\org\springframework\boot\spring-boot-starter-web\3.2.5\spring-boot-starter-web-3.2.5.jar;C:\Users\Demon\.m2\repository\org\springframework\boot\spr
Launcher Type: SUN_STANDARD

[Global flags]
     intx CICompilerCount                          = 4                                         {product} {ergonomic}
     uint ConcGCThreads                            = 2                                         {product} {ergonomic}
     uint G1ConcRefinementThreads                  = 8                                         {product} {ergonomic}
   size_t G1HeapRegionSize                         = 1048576                                   {product} {ergonomic}
    uintx GCDrainStackTargetSize                   = 64                                        {product} {ergonomic}
   size_t InitialHeapSize                          = 134217728                                 {product} {ergonomic}
     bool ManagementServer                         = true                                      {product} {command line}
   size_t MarkStackSize                            = 4194304                                   {product} {ergonomic}
   size_t MaxHeapSize                              = 2118123520                                {product} {ergonomic}
   size_t MaxNewSize                               = 1270874112                                {product} {ergonomic}
   size_t MinHeapDeltaBytes                        = 1048576                                   {product} {ergonomic}
   size_t MinHeapSize                              = 8388608                                   {product} {ergonomic}
    uintx NonProfiledCodeHeapSize                  = 0                                      {pd product} {ergonomic}
     bool ProfileInterpreter                       = false                                  {pd product} {command line}
    uintx ProfiledCodeHeapSize                     = 0                                      {pd product} {ergonomic}
   size_t SoftMaxHeapSize                          = 2118123520                             {manageable} {ergonomic}
     intx TieredStopAtLevel                        = 1                                         {product} {command line}
     bool UseCompressedClassPointers               = true                           {product lp64_product} {ergonomic}
     bool UseCompressedOops                        = true                           {product lp64_product} {ergonomic}
     bool UseG1GC                                  = true                                      {product} {ergonomic}
     bool UseLargePagesIndividualAllocation        = false                                  {pd product} {ergonomic}

Logging:
Log output configuration:
 #0: stdout all=warning uptime,level,tags
 #1: stderr all=off uptime,level,tags

Environment Variables:
JAVA_HOME=C:\Program Files\Java\jdk-17
PATH=C:\Program Files\Microsoft MPI\Bin\;C:\Program Files\Java\jdk-17\bin;C:\Program Files\Common Files\Oracle\Java\javapath;C:\WINDOWS\system32;C:\WINDOWS;C:\WINDOWS\System32\Wbem;C:\WINDOWS\System32\WindowsPowerShell\v1.0\;C:\WINDOWS\System32\OpenSSH\;C:\Program Files\Git\cmd;C:\ProgramData\chocolatey\bin;C:\Program Files\nodejs\;C:\Users\Demon\Downloads\flutter\bin;C:\mongosh-2.1.1-win32-x64\bin;C:\Program Files\MongoDB\Server\7.0\bin;C:\Program Files\Git LFS;C:\Program Files (x86)\Microsoft SQL Server\160\Tools\Binn\;C:\Program Files\Microsoft SQL Server\160\Tools\Binn\;C:\Program Files\Microsoft SQL Server\Client SDK\ODBC\170\Tools\Binn\;C:\Program Files\Microsoft SQL Server\160\DTS\Binn\;C:\Program Files (x86)\Microsoft SQL Server\160\DTS\Binn\;C:\Program Files\Java\jdk-17\bin;C:\Users\Demon\AppData\Local\Programs\Python\Python311\Scripts\;C:\Users\Demon\AppData\Local\Programs\Python\Python311\;C:\Users\Demon\AppData\Local\Microsoft\WindowsApps;C:\Program Files\JetBrains\IntelliJ IDEA 2023.2.3\bin;;C:\Users\Demon\Documents\webdriver;C:\Program Files\JetBrains\IntelliJ IDEA Community Edition 2023.1.2\bin;;C:\Users\Demon\Documents\apache-maven-3.9.3\bin;C:\Users\Demon\AppData\Local\Programs\Microsoft VS Code\bin;C:\Users\Demon\AppData\Roaming\npm;
USERNAME=Demon
OS=Windows_NT
PROCESSOR_IDENTIFIER=Intel64 Family 6 Model 142 Stepping 12, GenuineIntel



---------------  S Y S T E M  ---------------

OS:
 Windows 10 , 64 bit Build 19041 (10.0.19041.3636)
OS uptime: 0 days 2:06 hours

CPU: total 8 (initial active 8) (4 cores per cpu, 2 threads per core) family 6 model 142 stepping 12 microcode 0xb8, cx8, cmov, fxsr, ht, mmx, 3dnowpref, sse, sse2, sse3, ssse3, sse4.1, sse4.2, popcnt, lzcnt, tsc, tscinvbit, avx, avx2, aes, erms, clmul, bmi1, bmi2, adx, fma, vzeroupper, clflush, clflushopt

Memory: 4k page, system-wide physical 8078M (416M free)
TotalPageFile size 32654M (AvailPageFile size 5M)
current process WorkingSet (physical memory assigned to process): 263M, peak: 263M
current process commit charge ("private bytes"): 305M, peak: 343M

vm_info: Java HotSpot(TM) 64-Bit Server VM (17.0.10+11-LTS-240) for windows-amd64 JRE (17.0.10+11-LTS-240), built on Dec 19 2023 21:47:25 by "mach5one" with MS VC++ 17.1 (VS2022)

END.
