#
# There is insufficient memory for the Java Runtime Environment to continue.
# Native memory allocation (mmap) failed to map 65536 bytes for Failed to commit metaspace.
# Possible reasons:
#   The system is out of physical RAM or swap space
#   The process is running with CompressedOops enabled, and the Java Heap may be blocking the growth of the native heap
# Possible solutions:
#   Reduce memory load on the system
#   Increase physical memory or swap space
#   Check if swap backing store is full
#   Decrease Java heap size (-Xmx/-Xms)
#   Decrease number of Java threads
#   Decrease Java thread stack sizes (-Xss)
#   Set larger code cache with -XX:ReservedCodeCacheSize=
#   JVM is running with Unscaled Compressed Oops mode in which the Java heap is
#     placed in the first 4GB address space. The Java Heap base address is the
#     maximum limit for the native heap growth. Please use -XX:HeapBaseMinAddress
#     to set the Java Heap base and to place the Java Heap above 4GB virtual address.
# This output file may be truncated or incomplete.
#
#  Out of Memory Error (virtualSpaceNode.cpp:110), pid=19012, tid=5956
#
# JRE version: Java(TM) SE Runtime Environment (17.0.10+11) (build 17.0.10+11-LTS-240)
# Java VM: Java HotSpot(TM) 64-Bit Server VM (17.0.10+11-LTS-240, mixed mode, emulated-client, sharing, tiered, compressed oops, compressed class ptrs, g1 gc, windows-amd64)
# No core dump will be written. Minidumps are not enabled by default on client versions of Windows
#

---------------  S U M M A R Y ------------

Command Line: -XX:TieredStopAtLevel=1 -Dspring.output.ansi.enabled=always -Dcom.sun.management.jmxremote -Dspring.jmx.enabled=true -Dspring.liveBeansView.mbeanDomain -Dspring.application.admin.enabled=true -Dmanagement.endpoints.jmx.exposure.include=* -javaagent:C:\Program Files\JetBrains\IntelliJ IDEA 2023.2.3\lib\idea_rt.jar=59480:C:\Program Files\JetBrains\IntelliJ IDEA 2023.2.3\bin -Dfile.encoding=UTF-8 ma.marjane.digitalisation_processus_recrutement.Application

Host: Intel(R) Core(TM) i7-8565U CPU @ 1.80GHz, 8 cores, 7G,  Windows 10 , 64 bit Build 19041 (10.0.19041.3636)
Time: Wed May 29 13:01:07 2024 Morocco Daylight Time elapsed time: 9.949498 seconds (0d 0h 0m 9s)

---------------  T H R E A D  ---------------

Current thread (0x0000019061e0e010):  JavaThread "restartedMain" [_thread_in_vm, id=5956, stack(0x0000001d8e300000,0x0000001d8e400000)]

Stack: [0x0000001d8e300000,0x0000001d8e400000]
Native frames: (J=compiled Java code, j=interpreted, Vv=VM code, C=native code)
V  [jvm.dll+0x677a5a]
V  [jvm.dll+0x7d8b2d]
V  [jvm.dll+0x7da48e]
V  [jvm.dll+0x7daaf3]
V  [jvm.dll+0x2455ff]
V  [jvm.dll+0x7d483b]
V  [jvm.dll+0x61dc06]
V  [jvm.dll+0x1bfa87]
V  [jvm.dll+0x620570]
V  [jvm.dll+0x61e5c6]
V  [jvm.dll+0x239c1f]
V  [jvm.dll+0x628365]
V  [jvm.dll+0x1e92ed]
V  [jvm.dll+0x1e98b5]
V  [jvm.dll+0x1ea1fb]
V  [jvm.dll+0x1dfa01]
V  [jvm.dll+0x53d58c]
V  [jvm.dll+0x753438]
V  [jvm.dll+0x753524]
V  [jvm.dll+0x40babf]
V  [jvm.dll+0x411a89]
C  [java.dll+0x17ec]

Java frames: (J=compiled Java code, j=interpreted, Vv=VM code)
J 1163  java.lang.ClassLoader.defineClass1(Ljava/lang/ClassLoader;Ljava/lang/String;[BIILjava/security/ProtectionDomain;Ljava/lang/String;)Ljava/lang/Class; java.base@17.0.10 (0 bytes) @ 0x0000019056f6d563 [0x0000019056f6d4a0+0x00000000000000c3]
J 1405 c1 java.lang.ClassLoader.defineClass(Ljava/lang/String;[BIILjava/security/ProtectionDomain;)Ljava/lang/Class; java.base@17.0.10 (43 bytes) @ 0x0000019056fcf2dc [0x0000019056fcf1e0+0x00000000000000fc]
J 1170 c1 jdk.internal.loader.BuiltinClassLoader.defineClass(Ljava/lang/String;Ljdk/internal/loader/Resource;)Ljava/lang/Class; java.base@17.0.10 (121 bytes) @ 0x0000019056f746e4 [0x0000019056f74220+0x00000000000004c4]
J 1165 c1 jdk.internal.loader.BuiltinClassLoader.findClassOnClassPathOrNull(Ljava/lang/String;)Ljava/lang/Class; java.base@17.0.10 (64 bytes) @ 0x0000019056f72634 [0x0000019056f72380+0x00000000000002b4]
J 922 c1 jdk.internal.loader.BuiltinClassLoader.loadClassOrNull(Ljava/lang/String;Z)Ljava/lang/Class; java.base@17.0.10 (143 bytes) @ 0x0000019056f09d5c [0x0000019056f09900+0x000000000000045c]
J 1071 c1 jdk.internal.loader.ClassLoaders$AppClassLoader.loadClass(Ljava/lang/String;Z)Ljava/lang/Class; java.base@17.0.10 (40 bytes) @ 0x0000019056f4b4a4 [0x0000019056f4b360+0x0000000000000144]
J 1070 c1 java.lang.ClassLoader.loadClass(Ljava/lang/String;)Ljava/lang/Class; java.base@17.0.10 (7 bytes) @ 0x0000019056f4a8e4 [0x0000019056f4a8a0+0x0000000000000044]
v  ~StubRoutines::call_stub
j  org.hibernate.boot.model.process.spi.MetadataBuildingProcess.processAdditionalMappingContributions(Lorg/hibernate/boot/internal/InFlightMetadataCollectorImpl;Lorg/hibernate/boot/spi/MetadataBuildingOptions;Lorg/hibernate/boot/registry/classloading/spi/ClassLoaderService;Lorg/hibernate/boot/internal/MetadataBuildingContextRootImpl;)V+32
j  org.hibernate.boot.model.process.spi.MetadataBuildingProcess.complete(Lorg/hibernate/boot/model/process/spi/ManagedResources;Lorg/hibernate/boot/spi/BootstrapContext;Lorg/hibernate/boot/spi/MetadataBuildingOptions;)Lorg/hibernate/boot/spi/MetadataImplementor;+279
j  org.hibernate.jpa.boot.internal.EntityManagerFactoryBuilderImpl.metadata()Lorg/hibernate/boot/spi/MetadataImplementor;+30
j  org.hibernate.jpa.boot.internal.EntityManagerFactoryBuilderImpl.build()Ljakarta/persistence/EntityManagerFactory;+3
j  org.springframework.orm.jpa.vendor.SpringHibernateJpaPersistenceProvider.createContainerEntityManagerFactory(Ljakarta/persistence/spi/PersistenceUnitInfo;Ljava/util/Map;)Ljakarta/persistence/EntityManagerFactory;+59
j  org.springframework.orm.jpa.LocalContainerEntityManagerFactoryBean.createNativeEntityManagerFactory()Ljakarta/persistence/EntityManagerFactory;+111
j  org.springframework.orm.jpa.AbstractEntityManagerFactoryBean.buildNativeEntityManagerFactory()Ljakarta/persistence/EntityManagerFactory;+1
j  org.springframework.orm.jpa.AbstractEntityManagerFactoryBean.afterPropertiesSet()V+192
j  org.springframework.orm.jpa.LocalContainerEntityManagerFactoryBean.afterPropertiesSet()V+84
j  org.springframework.beans.factory.support.AbstractAutowireCapableBeanFactory.invokeInitMethods(Ljava/lang/String;Ljava/lang/Object;Lorg/springframework/beans/factory/support/RootBeanDefinition;)V+56
j  org.springframework.beans.factory.support.AbstractAutowireCapableBeanFactory.initializeBean(Ljava/lang/String;Ljava/lang/Object;Lorg/springframework/beans/factory/support/RootBeanDefinition;)Ljava/lang/Object;+34
j  org.springframework.beans.factory.support.AbstractAutowireCapableBeanFactory.doCreateBean(Ljava/lang/String;Lorg/springframework/beans/factory/support/RootBeanDefinition;[Ljava/lang/Object;)Ljava/lang/Object;+228
j  org.springframework.beans.factory.support.AbstractAutowireCapableBeanFactory.createBean(Ljava/lang/String;Lorg/springframework/beans/factory/support/RootBeanDefinition;[Ljava/lang/Object;)Ljava/lang/Object;+153
j  org.springframework.beans.factory.support.AbstractBeanFactory.lambda$doGetBean$0(Ljava/lang/String;Lorg/springframework/beans/factory/support/RootBeanDefinition;[Ljava/lang/Object;)Ljava/lang/Object;+4
j  org.springframework.beans.factory.support.AbstractBeanFactory$$Lambda$357+0x0000019001250ec0.getObject()Ljava/lang/Object;+16
j  org.springframework.beans.factory.support.DefaultSingletonBeanRegistry.getSingleton(Ljava/lang/String;Lorg/springframework/beans/factory/ObjectFactory;)Ljava/lang/Object;+114
J 2936 c1 org.springframework.beans.factory.support.AbstractBeanFactory.doGetBean(Ljava/lang/String;Ljava/lang/Class;[Ljava/lang/Object;Z)Ljava/lang/Object; (740 bytes) @ 0x00000190572465c4 [0x0000019057246000+0x00000000000005c4]
j  org.springframework.beans.factory.support.AbstractBeanFactory.getBean(Ljava/lang/String;)Ljava/lang/Object;+5
j  org.springframework.context.support.AbstractApplicationContext.getBean(Ljava/lang/String;)Ljava/lang/Object;+9
j  org.springframework.context.support.AbstractApplicationContext.finishBeanFactoryInitialization(Lorg/springframework/beans/factory/config/ConfigurableListableBeanFactory;)V+106
j  org.springframework.context.support.AbstractApplicationContext.refresh()V+94
j  org.springframework.boot.web.servlet.context.ServletWebServerApplicationContext.refresh()V+1
j  org.springframework.boot.SpringApplication.refresh(Lorg/springframework/context/ConfigurableApplicationContext;)V+1
j  org.springframework.boot.SpringApplication.refreshContext(Lorg/springframework/context/ConfigurableApplicationContext;)V+16
j  org.springframework.boot.SpringApplication.run([Ljava/lang/String;)Lorg/springframework/context/ConfigurableApplicationContext;+110
j  org.springframework.boot.SpringApplication.run([Ljava/lang/Class;[Ljava/lang/String;)Lorg/springframework/context/ConfigurableApplicationContext;+9
j  org.springframework.boot.SpringApplication.run(Ljava/lang/Class;[Ljava/lang/String;)Lorg/springframework/context/ConfigurableApplicationContext;+9
j  ma.marjane.digitalisation_processus_recrutement.Application.main([Ljava/lang/String;)V+3
v  ~StubRoutines::call_stub
j  jdk.internal.reflect.NativeMethodAccessorImpl.invoke0(Ljava/lang/reflect/Method;Ljava/lang/Object;[Ljava/lang/Object;)Ljava/lang/Object;+0 java.base@17.0.10
j  jdk.internal.reflect.NativeMethodAccessorImpl.invoke(Ljava/lang/Object;[Ljava/lang/Object;)Ljava/lang/Object;+133 java.base@17.0.10
j  jdk.internal.reflect.DelegatingMethodAccessorImpl.invoke(Ljava/lang/Object;[Ljava/lang/Object;)Ljava/lang/Object;+6 java.base@17.0.10
j  java.lang.reflect.Method.invoke(Ljava/lang/Object;[Ljava/lang/Object;)Ljava/lang/Object;+59 java.base@17.0.10
j  org.springframework.boot.devtools.restart.RestartLauncher.run()V+47
v  ~StubRoutines::call_stub

---------------  P R O C E S S  ---------------

Threads class SMR info:
_java_thread_list=0x0000019067365ee0, length=24, elements={
0x000001904f384e50, 0x000001906126ccb0, 0x000001906126da40, 0x000001906127d850,
0x00000190612813a0, 0x0000019061281c70, 0x0000019061282540, 0x0000019061282ec0,
0x00000190612837d0, 0x00000190612ee2e0, 0x00000190612eea40, 0x00000190617eb2b0,
0x00000190617eb790, 0x00000190619a6d20, 0x000001906191d040, 0x0000019061e29db0,
0x0000019061e0db30, 0x0000019061e0e010, 0x0000019061f57c20, 0x0000019061f54980,
0x0000019061f562d0, 0x0000019061f567e0, 0x0000019061f57200, 0x0000019061f54e90
}

Java Threads: ( => current thread )
  0x000001904f384e50 JavaThread "main" [_thread_blocked, id=14284, stack(0x0000001d8c300000,0x0000001d8c400000)]
  0x000001906126ccb0 JavaThread "Reference Handler" daemon [_thread_blocked, id=3772, stack(0x0000001d8ca00000,0x0000001d8cb00000)]
  0x000001906126da40 JavaThread "Finalizer" daemon [_thread_blocked, id=15200, stack(0x0000001d8cb00000,0x0000001d8cc00000)]
  0x000001906127d850 JavaThread "Signal Dispatcher" daemon [_thread_blocked, id=15344, stack(0x0000001d8cc00000,0x0000001d8cd00000)]
  0x00000190612813a0 JavaThread "Attach Listener" daemon [_thread_blocked, id=6676, stack(0x0000001d8cd00000,0x0000001d8ce00000)]
  0x0000019061281c70 JavaThread "Service Thread" daemon [_thread_blocked, id=8552, stack(0x0000001d8ce00000,0x0000001d8cf00000)]
  0x0000019061282540 JavaThread "Monitor Deflation Thread" daemon [_thread_blocked, id=4392, stack(0x0000001d8cf00000,0x0000001d8d000000)]
  0x0000019061282ec0 JavaThread "C1 CompilerThread0" daemon [_thread_blocked, id=17972, stack(0x0000001d8d000000,0x0000001d8d100000)]
  0x00000190612837d0 JavaThread "Sweeper thread" daemon [_thread_blocked, id=18160, stack(0x0000001d8d100000,0x0000001d8d200000)]
  0x00000190612ee2e0 JavaThread "Common-Cleaner" daemon [_thread_blocked, id=19944, stack(0x0000001d8d200000,0x0000001d8d300000)]
  0x00000190612eea40 JavaThread "C1 CompilerThread1" daemon [_thread_blocked, id=17660, stack(0x0000001d8d300000,0x0000001d8d400000)]
  0x00000190617eb2b0 JavaThread "Monitor Ctrl-Break" daemon [_thread_in_native, id=14268, stack(0x0000001d8d400000,0x0000001d8d500000)]
  0x00000190617eb790 JavaThread "Notification Thread" daemon [_thread_blocked, id=9572, stack(0x0000001d8d500000,0x0000001d8d600000)]
  0x00000190619a6d20 JavaThread "RMI TCP Accept-0" daemon [_thread_in_native, id=18184, stack(0x0000001d8d600000,0x0000001d8d700000)]
  0x000001906191d040 JavaThread "RMI TCP Connection(1)-192.168.56.1" daemon [_thread_in_native, id=13032, stack(0x0000001d8e000000,0x0000001d8e100000)]
  0x0000019061e29db0 JavaThread "RMI Scheduler(0)" daemon [_thread_blocked, id=15840, stack(0x0000001d8e100000,0x0000001d8e200000)]
  0x0000019061e0db30 JavaThread "Thread-0" [_thread_blocked, id=20124, stack(0x0000001d8e200000,0x0000001d8e300000)]
=>0x0000019061e0e010 JavaThread "restartedMain" [_thread_in_vm, id=5956, stack(0x0000001d8e300000,0x0000001d8e400000)]
  0x0000019061f57c20 JavaThread "Catalina-utility-1" [_thread_blocked, id=20324, stack(0x0000001d8e400000,0x0000001d8e500000)]
  0x0000019061f54980 JavaThread "Catalina-utility-2" [_thread_blocked, id=8360, stack(0x0000001d8e600000,0x0000001d8e700000)]
  0x0000019061f562d0 JavaThread "container-0" [_thread_blocked, id=19208, stack(0x0000001d8e700000,0x0000001d8e800000)]
  0x0000019061f567e0 JavaThread "mysql-cj-abandoned-connection-cleanup" daemon [_thread_blocked, id=17020, stack(0x0000001d8e800000,0x0000001d8e900000)]
  0x0000019061f57200 JavaThread "HikariPool-1 housekeeper" daemon [_thread_blocked, id=20424, stack(0x0000001d8ea00000,0x0000001d8eb00000)]
  0x0000019061f54e90 JavaThread "HikariPool-1 connection adder" daemon [_thread_blocked, id=18308, stack(0x0000001d8eb00000,0x0000001d8ec00000)]

Other Threads:
  0x0000019061266180 VMThread "VM Thread" [stack: 0x0000001d8c900000,0x0000001d8ca00000] [id=3644]
  0x000001904f4026c0 WatcherThread [stack: 0x0000001d8d700000,0x0000001d8d800000] [id=10812]
  0x000001904f3e02a0 GCTaskThread "GC Thread#0" [stack: 0x0000001d8c400000,0x0000001d8c500000] [id=3936]
  0x0000019061d9e710 GCTaskThread "GC Thread#1" [stack: 0x0000001d8d800000,0x0000001d8d900000] [id=11032]
  0x0000019061dbd030 GCTaskThread "GC Thread#2" [stack: 0x0000001d8d900000,0x0000001d8da00000] [id=9844]
  0x0000019061df6c20 GCTaskThread "GC Thread#3" [stack: 0x0000001d8da00000,0x0000001d8db00000] [id=13764]
  0x0000019061df9300 GCTaskThread "GC Thread#4" [stack: 0x0000001d8db00000,0x0000001d8dc00000] [id=8248]
  0x0000019061df95c0 GCTaskThread "GC Thread#5" [stack: 0x0000001d8dc00000,0x0000001d8dd00000] [id=17668]
  0x0000019061df9880 GCTaskThread "GC Thread#6" [stack: 0x0000001d8dd00000,0x0000001d8de00000] [id=19764]
  0x0000019061dfa350 GCTaskThread "GC Thread#7" [stack: 0x0000001d8de00000,0x0000001d8df00000] [id=4384]
  0x000001904f3f0d80 ConcurrentGCThread "G1 Main Marker" [stack: 0x0000001d8c500000,0x0000001d8c600000] [id=17876]
  0x000001904f3f16a0 ConcurrentGCThread "G1 Conc#0" [stack: 0x0000001d8c600000,0x0000001d8c700000] [id=20064]
  0x00000190669ddf80 ConcurrentGCThread "G1 Conc#1" [stack: 0x0000001d8e500000,0x0000001d8e600000] [id=17676]
  0x000001904f447a30 ConcurrentGCThread "G1 Refine#0" [stack: 0x0000001d8c700000,0x0000001d8c800000] [id=19460]
  0x0000019061dfbba0 ConcurrentGCThread "G1 Refine#1" [stack: 0x0000001d8df00000,0x0000001d8e000000] [id=476]
  0x000001904f448370 ConcurrentGCThread "G1 Service" [stack: 0x0000001d8c800000,0x0000001d8c900000] [id=16624]

Threads with active compile tasks:

VM state: not at safepoint (normal execution)

VM Mutex/Monitor currently owned by a thread:  ([mutex/lock_event])
[0x000001904f380ad0] Metaspace_lock - owner thread: 0x0000019061e0e010

Heap address: 0x0000000081c00000, size: 2020 MB, Compressed Oops mode: 32-bit

CDS archive(s) mapped at: [0x0000019000000000-0x0000019000bd0000-0x0000019000bd0000), size 12386304, SharedBaseAddress: 0x0000019000000000, ArchiveRelocationMode: 1.
Compressed class space mapped at: 0x0000019001000000-0x0000019041000000, reserved size: 1073741824
Narrow klass base: 0x0000019000000000, Narrow klass shift: 0, Narrow klass range: 0x100000000

GC Precious Log:
 CPUs: 8 total, 8 available
 Memory: 8078M
 Large Page Support: Disabled
 NUMA Support: Disabled
 Compressed Oops: Enabled (32-bit)
 Heap Region Size: 1M
 Heap Min Capacity: 8M
 Heap Initial Capacity: 128M
 Heap Max Capacity: 2020M
 Pre-touch: Disabled
 Parallel Workers: 8
 Concurrent Workers: 2
 Concurrent Refinement Workers: 8
 Periodic GC: Disabled

Heap:
 garbage-first heap   total 58368K, used 37028K [0x0000000081c00000, 0x0000000100000000)
  region size 1024K, 15 young (15360K), 3 survivors (3072K)
 Metaspace       used 46455K, committed 46912K, reserved 1114112K
  class space    used 6518K, committed 6720K, reserved 1048576K

Heap Regions: E=young(eden), S=young(survivor), O=old, HS=humongous(starts), HC=humongous(continues), CS=collection set, F=free, OA=open archive, CA=closed archive, TAMS=top-at-mark-start (previous, next)
|   0|0x0000000081c00000, 0x0000000081d00000, 0x0000000081d00000|100%|HS|  |TAMS 0x0000000081d00000, 0x0000000081c00000| Complete 
|   1|0x0000000081d00000, 0x0000000081e00000, 0x0000000081e00000|100%| O|  |TAMS 0x0000000081e00000, 0x0000000081d00000| Untracked 
|   2|0x0000000081e00000, 0x0000000081f00000, 0x0000000081f00000|100%| O|  |TAMS 0x0000000081f00000, 0x0000000081e00000| Untracked 
|   3|0x0000000081f00000, 0x0000000082000000, 0x0000000082000000|100%| O|  |TAMS 0x0000000082000000, 0x0000000081f00000| Untracked 
|   4|0x0000000082000000, 0x0000000082100000, 0x0000000082100000|100%| O|  |TAMS 0x0000000082100000, 0x0000000082000000| Untracked 
|   5|0x0000000082100000, 0x0000000082200000, 0x0000000082200000|100%| O|  |TAMS 0x0000000082200000, 0x0000000082100000| Untracked 
|   6|0x0000000082200000, 0x0000000082300000, 0x0000000082300000|100%| O|  |TAMS 0x0000000082300000, 0x0000000082200000| Untracked 
|   7|0x0000000082300000, 0x0000000082400000, 0x0000000082400000|100%| O|  |TAMS 0x0000000082400000, 0x0000000082300000| Untracked 
|   8|0x0000000082400000, 0x0000000082500000, 0x0000000082500000|100%| O|  |TAMS 0x0000000082500000, 0x0000000082400000| Untracked 
|   9|0x0000000082500000, 0x0000000082600000, 0x0000000082600000|100%| O|  |TAMS 0x0000000082600000, 0x0000000082500000| Untracked 
|  10|0x0000000082600000, 0x0000000082700000, 0x0000000082700000|100%| O|  |TAMS 0x0000000082700000, 0x0000000082600000| Untracked 
|  11|0x0000000082700000, 0x0000000082800000, 0x0000000082800000|100%| O|  |TAMS 0x0000000082800000, 0x0000000082700000| Untracked 
|  12|0x0000000082800000, 0x0000000082900000, 0x0000000082900000|100%| O|  |TAMS 0x0000000082900000, 0x0000000082800000| Untracked 
|  13|0x0000000082900000, 0x0000000082a00000, 0x0000000082a00000|100%| O|  |TAMS 0x0000000082a00000, 0x0000000082900000| Untracked 
|  14|0x0000000082a00000, 0x0000000082b00000, 0x0000000082b00000|100%| O|  |TAMS 0x0000000082b00000, 0x0000000082a00000| Untracked 
|  15|0x0000000082b00000, 0x0000000082c00000, 0x0000000082c00000|100%| O|  |TAMS 0x0000000082c00000, 0x0000000082b00000| Untracked 
|  16|0x0000000082c00000, 0x0000000082d00000, 0x0000000082d00000|100%| O|  |TAMS 0x0000000082d00000, 0x0000000082c00000| Untracked 
|  17|0x0000000082d00000, 0x0000000082e00000, 0x0000000082e00000|100%| O|  |TAMS 0x0000000082e00000, 0x0000000082d00000| Untracked 
|  18|0x0000000082e00000, 0x0000000082f00000, 0x0000000082f00000|100%| O|  |TAMS 0x0000000082f00000, 0x0000000082e00000| Untracked 
|  19|0x0000000082f00000, 0x0000000083000000, 0x0000000083000000|100%| O|  |TAMS 0x0000000082f06000, 0x0000000082f00000| Untracked 
|  20|0x0000000083000000, 0x0000000083100000, 0x0000000083100000|100%| O|  |TAMS 0x0000000083000000, 0x0000000083000000| Untracked 
|  21|0x0000000083100000, 0x0000000083200000, 0x0000000083200000|100%| O|  |TAMS 0x0000000083100000, 0x0000000083100000| Untracked 
|  22|0x0000000083200000, 0x0000000083229000, 0x0000000083300000| 16%| O|  |TAMS 0x0000000083200000, 0x0000000083200000| Untracked 
|  23|0x0000000083300000, 0x0000000083300000, 0x0000000083400000|  0%| F|  |TAMS 0x0000000083300000, 0x0000000083300000| Untracked 
|  24|0x0000000083400000, 0x0000000083400000, 0x0000000083500000|  0%| F|  |TAMS 0x0000000083400000, 0x0000000083400000| Untracked 
|  25|0x0000000083500000, 0x0000000083500000, 0x0000000083600000|  0%| F|  |TAMS 0x0000000083500000, 0x0000000083500000| Untracked 
|  26|0x0000000083600000, 0x0000000083600000, 0x0000000083700000|  0%| F|  |TAMS 0x0000000083600000, 0x0000000083600000| Untracked 
|  27|0x0000000083700000, 0x0000000083700000, 0x0000000083800000|  0%| F|  |TAMS 0x0000000083700000, 0x0000000083700000| Untracked 
|  28|0x0000000083800000, 0x0000000083800000, 0x0000000083900000|  0%| F|  |TAMS 0x0000000083800000, 0x0000000083800000| Untracked 
|  29|0x0000000083900000, 0x0000000083900000, 0x0000000083a00000|  0%| F|  |TAMS 0x0000000083900000, 0x0000000083900000| Untracked 
|  30|0x0000000083a00000, 0x0000000083a00000, 0x0000000083b00000|  0%| F|  |TAMS 0x0000000083a00000, 0x0000000083a00000| Untracked 
|  31|0x0000000083b00000, 0x0000000083c00000, 0x0000000083c00000|100%| S|CS|TAMS 0x0000000083b00000, 0x0000000083b00000| Complete 
|  32|0x0000000083c00000, 0x0000000083c00000, 0x0000000083d00000|  0%| F|  |TAMS 0x0000000083c00000, 0x0000000083c00000| Untracked 
|  33|0x0000000083d00000, 0x0000000083d00000, 0x0000000083e00000|  0%| F|  |TAMS 0x0000000083d00000, 0x0000000083d00000| Untracked 
|  34|0x0000000083e00000, 0x0000000083e00000, 0x0000000083f00000|  0%| F|  |TAMS 0x0000000083e00000, 0x0000000083e00000| Untracked 
|  35|0x0000000083f00000, 0x0000000084000000, 0x0000000084000000|100%| S|CS|TAMS 0x0000000083f00000, 0x0000000083f00000| Complete 
|  36|0x0000000084000000, 0x0000000084100000, 0x0000000084100000|100%| S|CS|TAMS 0x0000000084000000, 0x0000000084000000| Complete 
|  37|0x0000000084100000, 0x0000000084100000, 0x0000000084200000|  0%| F|  |TAMS 0x0000000084100000, 0x0000000084100000| Untracked 
|  38|0x0000000084200000, 0x0000000084200000, 0x0000000084300000|  0%| F|  |TAMS 0x0000000084200000, 0x0000000084200000| Untracked 
|  39|0x0000000084300000, 0x0000000084300000, 0x0000000084400000|  0%| F|  |TAMS 0x0000000084300000, 0x0000000084300000| Untracked 
|  40|0x0000000084400000, 0x0000000084400000, 0x0000000084500000|  0%| F|  |TAMS 0x0000000084400000, 0x0000000084400000| Untracked 
|  41|0x0000000084500000, 0x0000000084500000, 0x0000000084600000|  0%| F|  |TAMS 0x0000000084500000, 0x0000000084500000| Untracked 
|  42|0x0000000084600000, 0x0000000084600000, 0x0000000084700000|  0%| F|  |TAMS 0x0000000084600000, 0x0000000084600000| Untracked 
|  43|0x0000000084700000, 0x0000000084700000, 0x0000000084800000|  0%| F|  |TAMS 0x0000000084700000, 0x0000000084700000| Untracked 
|  44|0x0000000084800000, 0x0000000084800000, 0x0000000084900000|  0%| F|  |TAMS 0x0000000084800000, 0x0000000084800000| Untracked 
|  45|0x0000000084900000, 0x00000000849b9de8, 0x0000000084a00000| 72%| E|  |TAMS 0x0000000084900000, 0x0000000084900000| Complete 
|  46|0x0000000084a00000, 0x0000000084b00000, 0x0000000084b00000|100%| E|CS|TAMS 0x0000000084a00000, 0x0000000084a00000| Complete 
|  47|0x0000000084b00000, 0x0000000084c00000, 0x0000000084c00000|100%| E|CS|TAMS 0x0000000084b00000, 0x0000000084b00000| Complete 
|  48|0x0000000084c00000, 0x0000000084d00000, 0x0000000084d00000|100%| E|CS|TAMS 0x0000000084c00000, 0x0000000084c00000| Complete 
| 115|0x0000000088f00000, 0x0000000089000000, 0x0000000089000000|100%| E|CS|TAMS 0x0000000088f00000, 0x0000000088f00000| Complete 
| 116|0x0000000089000000, 0x0000000089100000, 0x0000000089100000|100%| E|CS|TAMS 0x0000000089000000, 0x0000000089000000| Complete 
| 117|0x0000000089100000, 0x0000000089200000, 0x0000000089200000|100%| E|CS|TAMS 0x0000000089100000, 0x0000000089100000| Complete 
| 118|0x0000000089200000, 0x0000000089300000, 0x0000000089300000|100%| E|CS|TAMS 0x0000000089200000, 0x0000000089200000| Complete 
| 119|0x0000000089300000, 0x0000000089400000, 0x0000000089400000|100%| E|CS|TAMS 0x0000000089300000, 0x0000000089300000| Complete 
| 120|0x0000000089400000, 0x0000000089500000, 0x0000000089500000|100%| E|CS|TAMS 0x0000000089400000, 0x0000000089400000| Complete 
| 126|0x0000000089a00000, 0x0000000089b00000, 0x0000000089b00000|100%| E|CS|TAMS 0x0000000089a00000, 0x0000000089a00000| Complete 
| 127|0x0000000089b00000, 0x0000000089c00000, 0x0000000089c00000|100%| E|CS|TAMS 0x0000000089b00000, 0x0000000089b00000| Complete 

Card table byte_map: [0x000001905a140000,0x000001905a540000] _byte_map_base: 0x0000019059d32000

Marking Bits (Prev, Next): (CMBitMap*) 0x000001904f3e07d0, (CMBitMap*) 0x000001904f3e0810
 Prev Bits: [0x000001905a940000, 0x000001905c8d0000)
 Next Bits: [0x000001905c8d0000, 0x000001905e860000)

Polling page: 0x000001904d2c0000

Metaspace:

Usage:
  Non-class:     39.00 MB used.
      Class:      6.37 MB used.
       Both:     45.37 MB used.

Virtual space:
  Non-class space:       64.00 MB reserved,      39.25 MB ( 61%) committed,  1 nodes.
      Class space:        1.00 GB reserved,       6.56 MB ( <1%) committed,  1 nodes.
             Both:        1.06 GB reserved,      45.81 MB (  4%) committed. 

Chunk freelists:
   Non-Class:  7.92 MB
       Class:  9.31 MB
        Both:  17.23 MB

MaxMetaspaceSize: unlimited
CompressedClassSpaceSize: 1.00 GB
Initial GC threshold: 21.00 MB
Current GC threshold: 59.00 MB
CDS: on
MetaspaceReclaimPolicy: balanced
 - commit_granule_bytes: 65536.
 - commit_granule_words: 8192.
 - virtual_space_node_default_size: 8388608.
 - enlarge_chunks_in_place: 1.
 - new_chunks_are_fully_committed: 0.
 - uncommit_free_chunks: 1.
 - use_allocation_guard: 0.
 - handle_deallocations: 1.


Internal statistics:

num_allocs_failed_limit: 8.
num_arena_births: 682.
num_arena_deaths: 0.
num_vsnodes_births: 2.
num_vsnodes_deaths: 0.
num_space_committed: 733.
num_space_uncommitted: 0.
num_chunks_returned_to_freelist: 8.
num_chunks_taken_from_freelist: 2311.
num_chunk_merges: 8.
num_chunk_splits: 1673.
num_chunks_enlarged: 1267.
num_inconsistent_stats: 0.

CodeCache: size=49152Kb used=9083Kb max_used=9083Kb free=40068Kb
 bounds [0x0000019056c30000, 0x0000019057510000, 0x0000019059c30000]
 total_blobs=5310 nmethods=4728 adapters=507
 compilation: enabled
              stopped_count=0, restarted_count=0
 full_count=0

Compilation events (20 events):
Event: 9.928 Thread 0x0000019061282ec0 nmethod 4717 0x0000019057509e90 code [0x000001905750a020, 0x000001905750a0f8]
Event: 9.928 Thread 0x0000019061282ec0 4721       1       java.lang.Boolean::parseBoolean (7 bytes)
Event: 9.928 Thread 0x0000019061282ec0 nmethod 4721 0x000001905750a190 code [0x000001905750a320, 0x000001905750a3e8]
Event: 9.928 Thread 0x0000019061282ec0 4718       1       org.hibernate.boot.model.process.internal.InferredBasicValueResolution::getLegacyResolvedBasicType (5 bytes)
Event: 9.928 Thread 0x0000019061282ec0 nmethod 4718 0x000001905750a490 code [0x000001905750a620, 0x000001905750a6f8]
Event: 9.928 Thread 0x0000019061282ec0 4722       1       org.hibernate.mapping.Column::getLength (5 bytes)
Event: 9.928 Thread 0x0000019061282ec0 nmethod 4722 0x000001905750a790 code [0x000001905750a920, 0x000001905750a9f8]
Event: 9.928 Thread 0x0000019061282ec0 4723   !   1       jdk.proxy2.$Proxy103::annotationType (29 bytes)
Event: 9.928 Thread 0x0000019061282ec0 nmethod 4723 0x000001905750aa90 code [0x000001905750ac40, 0x000001905750ae58]
Event: 9.928 Thread 0x0000019061282ec0 4724       1       org.hibernate.type.descriptor.jdbc.JdbcType::getDdlTypeCode (7 bytes)
Event: 9.928 Thread 0x0000019061282ec0 nmethod 4724 0x000001905750af90 code [0x000001905750b120, 0x000001905750b208]
Event: 9.929 Thread 0x00000190612eea40 nmethod 4716 0x000001905750b290 code [0x000001905750b540, 0x000001905750be38]
Event: 9.930 Thread 0x00000190612eea40 4725       1       org.hibernate.boot.model.internal.BasicValueBinder$$Lambda$980/0x000001900168df60::apply (16 bytes)
Event: 9.930 Thread 0x0000019061282ec0 4726       1       org.hibernate.boot.model.internal.BasicValueBinder::lambda$normalMutabilityDetails$20 (363 bytes)
Event: 9.931 Thread 0x00000190612eea40 nmethod 4725 0x000001905750c410 code [0x000001905750c5a0, 0x000001905750c6c8]
Event: 9.931 Thread 0x00000190612eea40 4727       1       org.hibernate.mapping.BasicValue::getDialect (13 bytes)
Event: 9.931 Thread 0x00000190612eea40 nmethod 4727 0x000001905750c790 code [0x000001905750c960, 0x000001905750cc98]
Event: 9.931 Thread 0x00000190612eea40 4728       1       org.hibernate.mapping.SimpleValue::isNationalized (5 bytes)
Event: 9.931 Thread 0x00000190612eea40 nmethod 4728 0x000001905750cf10 code [0x000001905750d0a0, 0x000001905750d178]
Event: 9.932 Thread 0x0000019061282ec0 nmethod 4726 0x000001905750d210 code [0x000001905750d600, 0x000001905750e4f8]

GC Heap History (20 events):
Event: 3.610 GC heap before
{Heap before GC invocations=2 (full 0):
 garbage-first heap   total 131072K, used 59091K [0x0000000081c00000, 0x0000000100000000)
  region size 1024K, 51 young (52224K), 2 survivors (2048K)
 Metaspace       used 20088K, committed 20416K, reserved 1114112K
  class space    used 2758K, committed 2944K, reserved 1048576K
}
Event: 3.615 GC heap after
{Heap after GC invocations=3 (full 0):
 garbage-first heap   total 131072K, used 13370K [0x0000000081c00000, 0x0000000100000000)
  region size 1024K, 5 young (5120K), 5 survivors (5120K)
 Metaspace       used 20088K, committed 20416K, reserved 1114112K
  class space    used 2758K, committed 2944K, reserved 1048576K
}
Event: 3.719 GC heap before
{Heap before GC invocations=3 (full 0):
 garbage-first heap   total 131072K, used 19514K [0x0000000081c00000, 0x0000000100000000)
  region size 1024K, 12 young (12288K), 5 survivors (5120K)
 Metaspace       used 21230K, committed 21504K, reserved 1114112K
  class space    used 2909K, committed 3072K, reserved 1048576K
}
Event: 3.724 GC heap after
{Heap after GC invocations=4 (full 0):
 garbage-first heap   total 131072K, used 13850K [0x0000000081c00000, 0x0000000100000000)
  region size 1024K, 6 young (6144K), 6 survivors (6144K)
 Metaspace       used 21230K, committed 21504K, reserved 1114112K
  class space    used 2909K, committed 3072K, reserved 1048576K
}
Event: 4.651 GC heap before
{Heap before GC invocations=5 (full 0):
 garbage-first heap   total 58368K, used 41498K [0x0000000081c00000, 0x0000000100000000)
  region size 1024K, 34 young (34816K), 6 survivors (6144K)
 Metaspace       used 23309K, committed 23616K, reserved 1114112K
  class space    used 3258K, committed 3392K, reserved 1048576K
}
Event: 4.658 GC heap after
{Heap after GC invocations=6 (full 0):
 garbage-first heap   total 58368K, used 16203K [0x0000000081c00000, 0x0000000100000000)
  region size 1024K, 3 young (3072K), 3 survivors (3072K)
 Metaspace       used 23309K, committed 23616K, reserved 1114112K
  class space    used 3258K, committed 3392K, reserved 1048576K
}
Event: 4.699 GC heap before
{Heap before GC invocations=6 (full 0):
 garbage-first heap   total 58368K, used 17227K [0x0000000081c00000, 0x0000000100000000)
  region size 1024K, 4 young (4096K), 3 survivors (3072K)
 Metaspace       used 23452K, committed 23744K, reserved 1114112K
  class space    used 3279K, committed 3392K, reserved 1048576K
}
Event: 4.702 GC heap after
{Heap after GC invocations=7 (full 0):
 garbage-first heap   total 58368K, used 16584K [0x0000000081c00000, 0x0000000100000000)
  region size 1024K, 1 young (1024K), 1 survivors (1024K)
 Metaspace       used 23452K, committed 23744K, reserved 1114112K
  class space    used 3279K, committed 3392K, reserved 1048576K
}
Event: 5.533 GC heap before
{Heap before GC invocations=7 (full 0):
 garbage-first heap   total 58368K, used 41160K [0x0000000081c00000, 0x0000000100000000)
  region size 1024K, 25 young (25600K), 1 survivors (1024K)
 Metaspace       used 26293K, committed 26688K, reserved 1114112K
  class space    used 3666K, committed 3840K, reserved 1048576K
}
Event: 5.537 GC heap after
{Heap after GC invocations=8 (full 0):
 garbage-first heap   total 58368K, used 17570K [0x0000000081c00000, 0x0000000100000000)
  region size 1024K, 2 young (2048K), 2 survivors (2048K)
 Metaspace       used 26293K, committed 26688K, reserved 1114112K
  class space    used 3666K, committed 3840K, reserved 1048576K
}
Event: 6.811 GC heap before
{Heap before GC invocations=8 (full 0):
 garbage-first heap   total 58368K, used 42146K [0x0000000081c00000, 0x0000000100000000)
  region size 1024K, 26 young (26624K), 2 survivors (2048K)
 Metaspace       used 29533K, committed 30016K, reserved 1114112K
  class space    used 4169K, committed 4416K, reserved 1048576K
}
Event: 6.816 GC heap after
{Heap after GC invocations=9 (full 0):
 garbage-first heap   total 58368K, used 19651K [0x0000000081c00000, 0x0000000100000000)
  region size 1024K, 4 young (4096K), 4 survivors (4096K)
 Metaspace       used 29533K, committed 30016K, reserved 1114112K
  class space    used 4169K, committed 4416K, reserved 1048576K
}
Event: 7.566 GC heap before
{Heap before GC invocations=9 (full 0):
 garbage-first heap   total 58368K, used 42179K [0x0000000081c00000, 0x0000000100000000)
  region size 1024K, 27 young (27648K), 4 survivors (4096K)
 Metaspace       used 33471K, committed 33920K, reserved 1114112K
  class space    used 4661K, committed 4864K, reserved 1048576K
}
Event: 7.572 GC heap after
{Heap after GC invocations=10 (full 0):
 garbage-first heap   total 58368K, used 21627K [0x0000000081c00000, 0x0000000100000000)
  region size 1024K, 3 young (3072K), 3 survivors (3072K)
 Metaspace       used 33471K, committed 33920K, reserved 1114112K
  class space    used 4661K, committed 4864K, reserved 1048576K
}
Event: 8.000 GC heap before
{Heap before GC invocations=10 (full 0):
 garbage-first heap   total 58368K, used 34939K [0x0000000081c00000, 0x0000000100000000)
  region size 1024K, 17 young (17408K), 3 survivors (3072K)
 Metaspace       used 35475K, committed 35968K, reserved 1114112K
  class space    used 4939K, committed 5184K, reserved 1048576K
}
Event: 8.003 GC heap after
{Heap after GC invocations=11 (full 0):
 garbage-first heap   total 58368K, used 22430K [0x0000000081c00000, 0x0000000100000000)
  region size 1024K, 1 young (1024K), 1 survivors (1024K)
 Metaspace       used 35475K, committed 35968K, reserved 1114112K
  class space    used 4939K, committed 5184K, reserved 1048576K
}
Event: 8.907 GC heap before
{Heap before GC invocations=12 (full 0):
 garbage-first heap   total 58368K, used 42910K [0x0000000081c00000, 0x0000000100000000)
  region size 1024K, 22 young (22528K), 1 survivors (1024K)
 Metaspace       used 39708K, committed 40192K, reserved 1114112K
  class space    used 5641K, committed 5888K, reserved 1048576K
}
Event: 8.909 GC heap after
{Heap after GC invocations=13 (full 0):
 garbage-first heap   total 58368K, used 23776K [0x0000000081c00000, 0x0000000100000000)
  region size 1024K, 3 young (3072K), 3 survivors (3072K)
 Metaspace       used 39708K, committed 40192K, reserved 1114112K
  class space    used 5641K, committed 5888K, reserved 1048576K
}
Event: 9.586 GC heap before
{Heap before GC invocations=13 (full 0):
 garbage-first heap   total 58368K, used 44256K [0x0000000081c00000, 0x0000000100000000)
  region size 1024K, 23 young (23552K), 3 survivors (3072K)
 Metaspace       used 44543K, committed 44992K, reserved 1114112K
  class space    used 6244K, committed 6464K, reserved 1048576K
}
Event: 9.589 GC heap after
{Heap after GC invocations=14 (full 0):
 garbage-first heap   total 58368K, used 25764K [0x0000000081c00000, 0x0000000100000000)
  region size 1024K, 3 young (3072K), 3 survivors (3072K)
 Metaspace       used 44543K, committed 44992K, reserved 1114112K
  class space    used 6244K, committed 6464K, reserved 1048576K
}

Deoptimization events (0 events):
No events

Classes unloaded (0 events):
No events

Classes redefined (0 events):
No events

Internal exceptions (20 events):
Event: 6.856 Thread 0x0000019061e0e010 Exception <a 'java/lang/NoSuchMethodError'{0x0000000089a67da8}: 'java.lang.Object java.lang.invoke.DirectMethodHandle$Holder.invokeSpecial(java.lang.Object, java.lang.Object, java.lang.Object, java.lang.Object, int)'> (0x0000000089a67da8) 
thrown [s\open\src\hotspot\share\interpreter\linkResolver.cpp, line 759]
Event: 6.857 Thread 0x0000019061e0e010 Exception <a 'java/lang/NoSuchMethodError'{0x0000000089a6b970}: 'java.lang.Object java.lang.invoke.Invokers$Holder.linkToTargetMethod(java.lang.Object, java.lang.Object, int, java.lang.Object)'> (0x0000000089a6b970) 
thrown [s\open\src\hotspot\share\interpreter\linkResolver.cpp, line 759]
Event: 7.076 Thread 0x000001906191d040 Exception <a 'java/lang/reflect/InvocationTargetException'{0x0000000084c8df28}> (0x0000000084c8df28) 
thrown [s\open\src\hotspot\share\runtime\reflection.cpp, line 1121]
Event: 7.301 Thread 0x0000019061e0e010 Exception <a 'sun/nio/fs/WindowsException'{0x000000008456c1e0}> (0x000000008456c1e0) 
thrown [s\open\src\hotspot\share\prims\jni.cpp, line 516]
Event: 7.302 Thread 0x0000019061e0e010 Exception <a 'sun/nio/fs/WindowsException'{0x0000000084571bc8}> (0x0000000084571bc8) 
thrown [s\open\src\hotspot\share\prims\jni.cpp, line 516]
Event: 7.303 Thread 0x0000019061e0e010 Exception <a 'sun/nio/fs/WindowsException'{0x00000000845722a0}> (0x00000000845722a0) 
thrown [s\open\src\hotspot\share\prims\jni.cpp, line 516]
Event: 7.350 Thread 0x0000019061e0e010 Exception <a 'java/lang/NoSuchMethodError'{0x00000000844b9e10}: 'java.lang.Object java.lang.invoke.DirectMethodHandle$Holder.invokeSpecial(java.lang.Object, java.lang.Object, long, java.lang.Object, java.lang.Object, java.lang.Object, java.lang.Object, java.lang.Object, java.lang.Object)'> (0x00000000844b9e10) 
thrown [s\open\src\hotspot\share\interpreter\linkResolver.cpp, line 759]
Event: 7.350 Thread 0x0000019061e0e010 Exception <a 'java/lang/NoSuchMethodError'{0x00000000844be938}: 'java.lang.Object java.lang.invoke.DelegatingMethodHandle$Holder.reinvoke_L(java.lang.Object, long, java.lang.Object, java.lang.Object, java.lang.Object, java.lang.Object, java.lang.Object, java.lang.Object)'> (0x00000000844be938) 
thrown [s\open\src\hotspot\share\interpreter\linkResolver.cpp, line 759]
Event: 7.405 Thread 0x0000019061e0e010 Exception <a 'java/io/FileNotFoundException'{0x000000008421ee20}> (0x000000008421ee20) 
thrown [s\open\src\hotspot\share\prims\jni.cpp, line 516]
Event: 7.443 Thread 0x0000019061e0e010 Exception <a 'java/lang/NoSuchMethodError'{0x00000000841e0d88}: 'int java.lang.invoke.DirectMethodHandle$Holder.invokeInterface(java.lang.Object, java.lang.Object, java.lang.Object, java.lang.Object)'> (0x00000000841e0d88) 
thrown [s\open\src\hotspot\share\interpreter\linkResolver.cpp, line 759]
Event: 7.555 Thread 0x0000019061e0e010 Exception <a 'java/lang/NoSuchMethodError'{0x0000000083ee40a0}: 'long java.lang.invoke.DirectMethodHandle$Holder.invokeVirtual(java.lang.Object, java.lang.Object)'> (0x0000000083ee40a0) 
thrown [s\open\src\hotspot\share\interpreter\linkResolver.cpp, line 759]
Event: 7.576 Thread 0x0000019061e0e010 Exception <a 'java/io/FileNotFoundException'{0x0000000089b19700}> (0x0000000089b19700) 
thrown [s\open\src\hotspot\share\prims\jni.cpp, line 516]
Event: 7.586 Thread 0x000001906191d040 Exception <a 'java/lang/reflect/InvocationTargetException'{0x0000000089b86e50}> (0x0000000089b86e50) 
thrown [s\open\src\hotspot\share\runtime\reflection.cpp, line 1121]
Event: 7.747 Thread 0x0000019061e0e010 Exception <a 'sun/nio/fs/WindowsException'{0x0000000088f1fc48}> (0x0000000088f1fc48) 
thrown [s\open\src\hotspot\share\prims\jni.cpp, line 516]
Event: 8.092 Thread 0x000001906191d040 Exception <a 'java/lang/reflect/InvocationTargetException'{0x0000000089ae69e8}> (0x0000000089ae69e8) 
thrown [s\open\src\hotspot\share\runtime\reflection.cpp, line 1121]
Event: 8.600 Thread 0x000001906191d040 Exception <a 'java/lang/reflect/InvocationTargetException'{0x0000000084ad98e8}> (0x0000000084ad98e8) 
thrown [s\open\src\hotspot\share\runtime\reflection.cpp, line 1121]
Event: 8.888 Thread 0x0000019061e0e010 Exception <a 'java/lang/NoSuchMethodError'{0x000000008404b960}: 'int java.lang.invoke.DirectMethodHandle$Holder.invokeStatic(java.lang.Object)'> (0x000000008404b960) 
thrown [s\open\src\hotspot\share\interpreter\linkResolver.cpp, line 759]
Event: 9.105 Thread 0x000001906191d040 Exception <a 'java/lang/reflect/InvocationTargetException'{0x0000000089087ff8}> (0x0000000089087ff8) 
thrown [s\open\src\hotspot\share\runtime\reflection.cpp, line 1121]
Event: 9.437 Thread 0x0000019061e0e010 Exception <a 'java/lang/NoSuchMethodError'{0x00000000846ffb20}: 'java.lang.Object java.lang.invoke.DirectMethodHandle$Holder.invokeStaticInit(java.lang.Object, java.lang.Object, java.lang.Object, java.lang.Object)'> (0x00000000846ffb20) 
thrown [s\open\src\hotspot\share\interpreter\linkResolver.cpp, line 759]
Event: 9.616 Thread 0x000001906191d040 Exception <a 'java/lang/reflect/InvocationTargetException'{0x0000000089beecc0}> (0x0000000089beecc0) 
thrown [s\open\src\hotspot\share\runtime\reflection.cpp, line 1121]

VM Operations (20 events):
Event: 7.499 Executing VM operation: HandshakeAllThreads
Event: 7.499 Executing VM operation: HandshakeAllThreads done
Event: 7.566 Executing VM operation: G1CollectForAllocation
Event: 7.572 Executing VM operation: G1CollectForAllocation done
Event: 7.584 Executing VM operation: HandshakeAllThreads
Event: 7.584 Executing VM operation: HandshakeAllThreads done
Event: 7.638 Executing VM operation: HandshakeAllThreads
Event: 7.638 Executing VM operation: HandshakeAllThreads done
Event: 7.999 Executing VM operation: CollectForMetadataAllocation
Event: 8.003 Executing VM operation: CollectForMetadataAllocation done
Event: 8.035 Executing VM operation: G1Concurrent
Event: 8.037 Executing VM operation: G1Concurrent done
Event: 8.052 Executing VM operation: G1Concurrent
Event: 8.052 Executing VM operation: G1Concurrent done
Event: 8.907 Executing VM operation: G1CollectForAllocation
Event: 8.909 Executing VM operation: G1CollectForAllocation done
Event: 9.586 Executing VM operation: G1CollectForAllocation
Event: 9.590 Executing VM operation: G1CollectForAllocation done
Event: 9.690 Executing VM operation: HandshakeAllThreads
Event: 9.690 Executing VM operation: HandshakeAllThreads done

Events (20 events):
Event: 9.434 loading class java/io/CharArrayWriter
Event: 9.434 loading class java/io/CharArrayWriter done
Event: 9.435 loading class java/lang/StringIndexOutOfBoundsException
Event: 9.435 loading class java/lang/StringIndexOutOfBoundsException done
Event: 9.453 loading class jdk/internal/reflect/UnsafeQualifiedStaticIntegerFieldAccessorImpl
Event: 9.453 loading class jdk/internal/reflect/UnsafeQualifiedStaticIntegerFieldAccessorImpl done
Event: 9.608 Thread 0x0000019061f57710 Thread added: 0x0000019061f57710
Event: 9.617 Thread 0x0000019061f57710 Thread exited: 0x0000019061f57710
Event: 9.736 loading class jdk/internal/ValueBased
Event: 9.736 loading class jdk/internal/ValueBased done
Event: 9.757 loading class sun/reflect/generics/repository/FieldRepository
Event: 9.757 loading class sun/reflect/generics/repository/FieldRepository done
Event: 9.821 loading class java/util/stream/ReduceOps$1
Event: 9.821 loading class java/util/stream/ReduceOps$1 done
Event: 9.821 loading class java/util/stream/ReduceOps$1ReducingSink
Event: 9.822 loading class java/util/stream/ReduceOps$1ReducingSink done
Event: 9.900 loading class sun/security/provider/MD5
Event: 9.902 loading class sun/security/provider/MD5 done
Event: 9.902 loading class sun/security/provider/ByteArrayAccess$LE
Event: 9.906 loading class sun/security/provider/ByteArrayAccess$LE done


Dynamic libraries:
0x00007ff7f2eb0000 - 0x00007ff7f2ec0000 	C:\Program Files\Java\jdk-17\bin\java.exe
0x00007ffc09f90000 - 0x00007ffc0a188000 	C:\WINDOWS\SYSTEM32\ntdll.dll
0x00007ffc09540000 - 0x00007ffc095fd000 	C:\WINDOWS\System32\KERNEL32.DLL
0x00007ffc07bf0000 - 0x00007ffc07ee6000 	C:\WINDOWS\System32\KERNELBASE.dll
0x00007ffc02da0000 - 0x00007ffc02db9000 	C:\Program Files\Java\jdk-17\bin\jli.dll
0x00007ffc09600000 - 0x00007ffc096b0000 	C:\WINDOWS\System32\ADVAPI32.dll
0x00007ffc09480000 - 0x00007ffc0951e000 	C:\WINDOWS\System32\msvcrt.dll
0x00007ffc09e00000 - 0x00007ffc09ea0000 	C:\WINDOWS\System32\sechost.dll
0x00007ffc076b0000 - 0x00007ffc077b0000 	C:\WINDOWS\System32\ucrtbase.dll
0x00007ffc09bf0000 - 0x00007ffc09d13000 	C:\WINDOWS\System32\RPCRT4.dll
0x00007ffc02d80000 - 0x00007ffc02d9b000 	C:\Program Files\Java\jdk-17\bin\VCRUNTIME140.dll
0x00007ffc07bc0000 - 0x00007ffc07be7000 	C:\WINDOWS\System32\bcrypt.dll
0x00007ffc087e0000 - 0x00007ffc0897f000 	C:\WINDOWS\System32\USER32.dll
0x00007ffc07f90000 - 0x00007ffc07fb2000 	C:\WINDOWS\System32\win32u.dll
0x00007ffc085e0000 - 0x00007ffc0860b000 	C:\WINDOWS\System32\GDI32.dll
0x00007ffc07860000 - 0x00007ffc07977000 	C:\WINDOWS\System32\gdi32full.dll
0x00007ffbf4c60000 - 0x00007ffbf4efa000 	C:\WINDOWS\WinSxS\amd64_microsoft.windows.common-controls_6595b64144ccf1df_6.0.19041.4355_none_60b8b9eb71f62e16\COMCTL32.dll
0x00007ffc07ef0000 - 0x00007ffc07f8d000 	C:\WINDOWS\System32\msvcp_win.dll
0x00007ffbfeb80000 - 0x00007ffbfeb8a000 	C:\WINDOWS\SYSTEM32\VERSION.dll
0x00007ffc08c10000 - 0x00007ffc08c42000 	C:\WINDOWS\System32\IMM32.DLL
0x00007ffc02cc0000 - 0x00007ffc02ccc000 	C:\Program Files\Java\jdk-17\bin\vcruntime140_1.dll
0x00007ffbccc80000 - 0x00007ffbccd0e000 	C:\Program Files\Java\jdk-17\bin\msvcp140.dll
0x00007ffbafa80000 - 0x00007ffbb065f000 	C:\Program Files\Java\jdk-17\bin\server\jvm.dll
0x00007ffc08c00000 - 0x00007ffc08c08000 	C:\WINDOWS\System32\PSAPI.DLL
0x00007ffbeb750000 - 0x00007ffbeb759000 	C:\WINDOWS\SYSTEM32\WSOCK32.dll
0x00007ffc09820000 - 0x00007ffc0988b000 	C:\WINDOWS\System32\WS2_32.dll
0x00007ffbfbbc0000 - 0x00007ffbfbbe7000 	C:\WINDOWS\SYSTEM32\WINMM.dll
0x00007ffc05e50000 - 0x00007ffc05e62000 	C:\WINDOWS\SYSTEM32\kernel.appcore.dll
0x00007ffc02cb0000 - 0x00007ffc02cba000 	C:\Program Files\Java\jdk-17\bin\jimage.dll
0x00007ffc053c0000 - 0x00007ffc055a4000 	C:\WINDOWS\SYSTEM32\DBGHELP.DLL
0x00007ffbec690000 - 0x00007ffbec6c4000 	C:\WINDOWS\SYSTEM32\dbgcore.DLL
0x00007ffc07b30000 - 0x00007ffc07bb2000 	C:\WINDOWS\System32\bcryptPrimitives.dll
0x00007ffc02ca0000 - 0x00007ffc02cae000 	C:\Program Files\Java\jdk-17\bin\instrument.dll
0x00007ffc014a0000 - 0x00007ffc014c5000 	C:\Program Files\Java\jdk-17\bin\java.dll
0x00007ffbcc940000 - 0x00007ffbcca17000 	C:\Program Files\Java\jdk-17\bin\jsvml.dll
0x00007ffc08d10000 - 0x00007ffc0947b000 	C:\WINDOWS\System32\SHELL32.dll
0x00007ffc055b0000 - 0x00007ffc05d4d000 	C:\WINDOWS\SYSTEM32\windows.storage.dll
0x00007ffc09890000 - 0x00007ffc09be3000 	C:\WINDOWS\System32\combase.dll
0x00007ffc06f90000 - 0x00007ffc06fbe000 	C:\WINDOWS\SYSTEM32\Wldp.dll
0x00007ffc09d20000 - 0x00007ffc09ded000 	C:\WINDOWS\System32\OLEAUT32.dll
0x00007ffc09ea0000 - 0x00007ffc09f4d000 	C:\WINDOWS\System32\SHCORE.dll
0x00007ffc096b0000 - 0x00007ffc09705000 	C:\WINDOWS\System32\shlwapi.dll
0x00007ffc07570000 - 0x00007ffc07594000 	C:\WINDOWS\SYSTEM32\profapi.dll
0x00007ffc02ab0000 - 0x00007ffc02ac8000 	C:\Program Files\Java\jdk-17\bin\zip.dll
0x00007ffc00290000 - 0x00007ffc002a9000 	C:\Program Files\Java\jdk-17\bin\net.dll
0x00007ffbff110000 - 0x00007ffbff21a000 	C:\WINDOWS\SYSTEM32\WINHTTP.dll
0x00007ffc06cf0000 - 0x00007ffc06d5a000 	C:\WINDOWS\system32\mswsock.dll
0x00007ffbf8140000 - 0x00007ffbf8156000 	C:\Program Files\Java\jdk-17\bin\nio.dll
0x00007ffbebc50000 - 0x00007ffbebc6a000 	C:\Program Files\JetBrains\IntelliJ IDEA 2023.2.3\bin\breakgen64.dll
0x00007ffc06a10000 - 0x00007ffc06adb000 	C:\WINDOWS\SYSTEM32\DNSAPI.dll
0x00007ffc069d0000 - 0x00007ffc06a0b000 	C:\WINDOWS\SYSTEM32\IPHLPAPI.DLL
0x00007ffc09df0000 - 0x00007ffc09df8000 	C:\WINDOWS\System32\NSI.dll
0x00007ffbff0b0000 - 0x00007ffbff0ba000 	C:\Windows\System32\rasadhlp.dll
0x00007ffbf4be0000 - 0x00007ffbf4c60000 	C:\WINDOWS\System32\fwpuclnt.dll
0x00007ffc02c90000 - 0x00007ffc02c9a000 	C:\Program Files\Java\jdk-17\bin\management.dll
0x00007ffc01730000 - 0x00007ffc0173b000 	C:\Program Files\Java\jdk-17\bin\management_ext.dll
0x00007ffc06ef0000 - 0x00007ffc06f08000 	C:\WINDOWS\SYSTEM32\CRYPTSP.dll
0x00007ffc06610000 - 0x00007ffc06644000 	C:\WINDOWS\system32\rsaenh.dll
0x00007ffc074e0000 - 0x00007ffc0750e000 	C:\WINDOWS\SYSTEM32\USERENV.dll
0x00007ffc06ee0000 - 0x00007ffc06eec000 	C:\WINDOWS\SYSTEM32\CRYPTBASE.dll
0x00007ffc00570000 - 0x00007ffc00587000 	C:\WINDOWS\SYSTEM32\dhcpcsvc6.DLL
0x00007ffc00550000 - 0x00007ffc0056d000 	C:\WINDOWS\SYSTEM32\dhcpcsvc.DLL
0x00007ffbe9b60000 - 0x00007ffbe9b77000 	C:\WINDOWS\system32\napinsp.dll
0x00007ffbe9760000 - 0x00007ffbe977b000 	C:\WINDOWS\system32\pnrpnsp.dll
0x00007ffc01b00000 - 0x00007ffc01b15000 	C:\WINDOWS\system32\wshbth.dll
0x00007ffc02a50000 - 0x00007ffc02a6d000 	C:\WINDOWS\system32\NLAapi.dll
0x00007ffbe91f0000 - 0x00007ffbe9202000 	C:\WINDOWS\System32\winrnr.dll
0x00007ffc01010000 - 0x00007ffc0101e000 	C:\Program Files\Java\jdk-17\bin\sunmscapi.dll
0x00007ffc079d0000 - 0x00007ffc07b2e000 	C:\WINDOWS\System32\CRYPT32.dll
0x00007ffc07000000 - 0x00007ffc07029000 	C:\WINDOWS\SYSTEM32\ncrypt.dll
0x00007ffc06fc0000 - 0x00007ffc06ffb000 	C:\WINDOWS\SYSTEM32\NTASN1.dll
0x00007ffc01490000 - 0x00007ffc014a0000 	C:\Program Files\Java\jdk-17\bin\verify.dll

dbghelp: loaded successfully - version: 4.0.5 - missing functions: none
symbol engine: initialized successfully - sym options: 0x614 - pdb path: .;C:\Program Files\Java\jdk-17\bin;C:\WINDOWS\SYSTEM32;C:\WINDOWS\WinSxS\amd64_microsoft.windows.common-controls_6595b64144ccf1df_6.0.19041.4355_none_60b8b9eb71f62e16;C:\Program Files\Java\jdk-17\bin\server;C:\Program Files\JetBrains\IntelliJ IDEA 2023.2.3\bin

VM Arguments:
jvm_args: -XX:TieredStopAtLevel=1 -Dspring.output.ansi.enabled=always -Dcom.sun.management.jmxremote -Dspring.jmx.enabled=true -Dspring.liveBeansView.mbeanDomain -Dspring.application.admin.enabled=true -Dmanagement.endpoints.jmx.exposure.include=* -javaagent:C:\Program Files\JetBrains\IntelliJ IDEA 2023.2.3\lib\idea_rt.jar=59480:C:\Program Files\JetBrains\IntelliJ IDEA 2023.2.3\bin -Dfile.encoding=UTF-8 
java_command: ma.marjane.digitalisation_processus_recrutement.Application
java_class_path (initial): C:\Users\Demon\Desktop\digitalisation__du_precessus_de_recrutement\Ditalisation_Processus_Recrutement\target\classes;C:\Users\Demon\.m2\repository\org\springframework\boot\spring-boot-starter-data-jpa\3.2.5\spring-boot-starter-data-jpa-3.2.5.jar;C:\Users\Demon\.m2\repository\org\springframework\boot\spring-boot-starter-aop\3.2.5\spring-boot-starter-aop-3.2.5.jar;C:\Users\Demon\.m2\repository\org\springframework\spring-aop\6.1.6\spring-aop-6.1.6.jar;C:\Users\Demon\.m2\repository\org\aspectj\aspectjweaver\1.9.22\aspectjweaver-1.9.22.jar;C:\Users\Demon\.m2\repository\org\springframework\boot\spring-boot-starter-jdbc\3.2.5\spring-boot-starter-jdbc-3.2.5.jar;C:\Users\Demon\.m2\repository\com\zaxxer\HikariCP\5.0.1\HikariCP-5.0.1.jar;C:\Users\Demon\.m2\repository\org\springframework\spring-jdbc\6.1.6\spring-jdbc-6.1.6.jar;C:\Users\Demon\.m2\repository\org\hibernate\orm\hibernate-core\6.4.4.Final\hibernate-core-6.4.4.Final.jar;C:\Users\Demon\.m2\repository\org\springframework\data\spring-data-jpa\3.2.5\spring-data-jpa-3.2.5.jar;C:\Users\Demon\.m2\repository\org\springframework\data\spring-data-commons\3.2.5\spring-data-commons-3.2.5.jar;C:\Users\Demon\.m2\repository\org\springframework\spring-orm\6.1.6\spring-orm-6.1.6.jar;C:\Users\Demon\.m2\repository\org\springframework\spring-context\6.1.6\spring-context-6.1.6.jar;C:\Users\Demon\.m2\repository\org\springframework\spring-tx\6.1.6\spring-tx-6.1.6.jar;C:\Users\Demon\.m2\repository\org\springframework\spring-beans\6.1.6\spring-beans-6.1.6.jar;C:\Users\Demon\.m2\repository\jakarta\annotation\jakarta.annotation-api\2.1.1\jakarta.annotation-api-2.1.1.jar;C:\Users\Demon\.m2\repository\org\slf4j\slf4j-api\2.0.13\slf4j-api-2.0.13.jar;C:\Users\Demon\.m2\repository\org\springframework\spring-aspects\6.1.6\spring-aspects-6.1.6.jar;C:\Users\Demon\.m2\repository\org\springframework\boot\spring-boot-starter-web\3.2.5\spring-boot-starter-web-3.2.5.jar;C:\Users\Demon\.m2\repository\org\springframework\boot\spr
Launcher Type: SUN_STANDARD

[Global flags]
     intx CICompilerCount                          = 4                                         {product} {ergonomic}
     uint ConcGCThreads                            = 2                                         {product} {ergonomic}
     uint G1ConcRefinementThreads                  = 8                                         {product} {ergonomic}
   size_t G1HeapRegionSize                         = 1048576                                   {product} {ergonomic}
    uintx GCDrainStackTargetSize                   = 64                                        {product} {ergonomic}
   size_t InitialHeapSize                          = 134217728                                 {product} {ergonomic}
     bool ManagementServer                         = true                                      {product} {command line}
   size_t MarkStackSize                            = 4194304                                   {product} {ergonomic}
   size_t MaxHeapSize                              = 2118123520                                {product} {ergonomic}
   size_t MaxNewSize                               = 1270874112                                {product} {ergonomic}
   size_t MinHeapDeltaBytes                        = 1048576                                   {product} {ergonomic}
   size_t MinHeapSize                              = 8388608                                   {product} {ergonomic}
    uintx NonProfiledCodeHeapSize                  = 0                                      {pd product} {ergonomic}
     bool ProfileInterpreter                       = false                                  {pd product} {command line}
    uintx ProfiledCodeHeapSize                     = 0                                      {pd product} {ergonomic}
   size_t SoftMaxHeapSize                          = 2118123520                             {manageable} {ergonomic}
     intx TieredStopAtLevel                        = 1                                         {product} {command line}
     bool UseCompressedClassPointers               = true                           {product lp64_product} {ergonomic}
     bool UseCompressedOops                        = true                           {product lp64_product} {ergonomic}
     bool UseG1GC                                  = true                                      {product} {ergonomic}
     bool UseLargePagesIndividualAllocation        = false                                  {pd product} {ergonomic}

Logging:
Log output configuration:
 #0: stdout all=warning uptime,level,tags
 #1: stderr all=off uptime,level,tags

Environment Variables:
JAVA_HOME=C:\Program Files\Java\jdk-17
PATH=C:\Program Files\Microsoft MPI\Bin\;C:\Program Files\Java\jdk-17\bin;C:\Program Files\Common Files\Oracle\Java\javapath;C:\WINDOWS\system32;C:\WINDOWS;C:\WINDOWS\System32\Wbem;C:\WINDOWS\System32\WindowsPowerShell\v1.0\;C:\WINDOWS\System32\OpenSSH\;C:\Program Files\Git\cmd;C:\ProgramData\chocolatey\bin;C:\Program Files\nodejs\;C:\Users\Demon\Downloads\flutter\bin;C:\mongosh-2.1.1-win32-x64\bin;C:\Program Files\MongoDB\Server\7.0\bin;C:\Program Files\Git LFS;C:\Program Files (x86)\Microsoft SQL Server\160\Tools\Binn\;C:\Program Files\Microsoft SQL Server\160\Tools\Binn\;C:\Program Files\Microsoft SQL Server\Client SDK\ODBC\170\Tools\Binn\;C:\Program Files\Microsoft SQL Server\160\DTS\Binn\;C:\Program Files (x86)\Microsoft SQL Server\160\DTS\Binn\;C:\Program Files\Java\jdk-17\bin;C:\Users\Demon\AppData\Local\Programs\Python\Python311\Scripts\;C:\Users\Demon\AppData\Local\Programs\Python\Python311\;C:\Users\Demon\AppData\Local\Microsoft\WindowsApps;C:\Program Files\JetBrains\IntelliJ IDEA 2023.2.3\bin;;C:\Users\Demon\Documents\webdriver;C:\Program Files\JetBrains\IntelliJ IDEA Community Edition 2023.1.2\bin;;C:\Users\Demon\Documents\apache-maven-3.9.3\bin;C:\Users\Demon\AppData\Local\Programs\Microsoft VS Code\bin;C:\Users\Demon\AppData\Roaming\npm;
USERNAME=Demon
OS=Windows_NT
PROCESSOR_IDENTIFIER=Intel64 Family 6 Model 142 Stepping 12, GenuineIntel



---------------  S Y S T E M  ---------------

OS:
 Windows 10 , 64 bit Build 19041 (10.0.19041.3636)
OS uptime: 0 days 3:40 hours

CPU: total 8 (initial active 8) (4 cores per cpu, 2 threads per core) family 6 model 142 stepping 12 microcode 0xb8, cx8, cmov, fxsr, ht, mmx, 3dnowpref, sse, sse2, sse3, ssse3, sse4.1, sse4.2, popcnt, lzcnt, tsc, tscinvbit, avx, avx2, aes, erms, clmul, bmi1, bmi2, adx, fma, vzeroupper, clflush, clflushopt

Memory: 4k page, system-wide physical 8078M (312M free)
TotalPageFile size 32654M (AvailPageFile size 0M)
current process WorkingSet (physical memory assigned to process): 173M, peak: 173M
current process commit charge ("private bytes"): 213M, peak: 246M

vm_info: Java HotSpot(TM) 64-Bit Server VM (17.0.10+11-LTS-240) for windows-amd64 JRE (17.0.10+11-LTS-240), built on Dec 19 2023 21:47:25 by "mach5one" with MS VC++ 17.1 (VS2022)

END.
